2021-02-17 22:20:22,283 - test_response_interface.py - DEBUG - DEBUG:   main L#148 [#]♥
============================
=   I-VEC (c) Application  =
=  FW Version: FWv_3_4.bin =
============================
Epoch: 1613600235
DEBUG:   App_Init L#91 <Device Id: 2818117-893931543-540029520>
DEBUG:   VEHICLE_Init L#112 Starting!!
DEBUG:   IMU_Init L#72 [#]IIS2MDC Id: 0x0
DEBUG:   IMU_Init L#74 [#]IIS2MDC Init Failed
DEBUG:   IMU_Init L#77 [#]ASM330LHH Id: 0x6B
DEBUG:   vMiscTaskFunction L#30 [#]MISC TASK Initialized.
DEBUG:   vAsyncTaskFunction L#22 [#]ASYNC TASK Initialized
DEBUG:   vDatalogTaskFunction L#20 [#]DATALOG TASK Initialized.
DEBUG:   vSyncTaskFunction L#29 [#]SYNC TASK Initialized.
mem : @82 - System static memory: 24384 bytes
mem : @82 - System static memory: 24384 bytes
mtb : @174 - init device for mount point /data/ ...
mtb : @193 - mount partiton: 0,511
mem : @66 - 0x0x20002e50: Allocated 192, free 24192
flsh: @216 - alloc spare buffers 192 bytes.
flsh: @244 - ECC size 24
flsh: @292 - UFFS consume spare data size 34
init: @113 - init page buf

2021-02-17 22:23:38,596 - test_response_interface.py - DEBUG - DEBUG:   HAL_GPIO_EXTI_Callback L#56 0x4

2021-02-17 22:23:38,709 - test_response_interface.py - DEBUG - DEBUG:   VEHICLE_FsmProcess L#141 [*]VEHICLE_WAKEUP

2021-02-17 22:23:38,821 - test_response_interface.py - DEBUG - DEBUG:   VEHICLE_FsmProcess L#165 [*]VEHICLE_UNLOCK

TEMPLATE - initialization
DEBUG:   vMiscTaskFunction L#111 [*]Sending Unlock Signal to Gsm Module Task
DEBUG:   vGsmTaskFunction L#55 [#]Waking Up the Gsm Module

2021-02-17 22:23:38,927 - test_response_interface.py - DEBUG - DEBUG:   VEHICLE_FsmProcess L#206 [*]VEHICLE_UNLOCKED

2021-02-17 22:23:39,134 - test_response_interface.py - DEBUG - DEBUG:   vDatalogTaskFunction L#37 [*]Starting Data  Logging

2021-02-17 22:23:44,030 - test_response_interface.py - DEBUG - DEBUG:   HAL_GPIO_EXTI_Callback L#56 0x4
DEBUG:   HAL_GPIO_EXTI_Callback L#105 [*]KEY LOCK CALLBACK

2021-02-17 22:23:44,138 - test_response_interface.py - DEBUG - DEBUG:   VEHICLE_FsmProcess L#237 [*]VEHICLE LOCKED
DEBUG:   VEHICLE_FsmProcess L#244 [*]VEHICLE GOING TO SLEEP

2021-02-17 22:23:44,244 - test_response_interface.py - DEBUG - DEBUG:   GSMmodule_Init L#73 [#]MODULE CONFIGURED

2021-02-17 22:23:44,456 - test_response_interface.py - DEBUG - DEBUG:   vMiscTaskFunction L#44 [*]Sending Lock Signal
DEBUG:   App_sendRideDetails L#195 [*]Auth Token '18717' Updated!
DEBUG:   App_sendRideDetails L#217 {"data":["877045D21DBB4A7A3D0CCDBFF937586E",0.0]}
DEBUG:   vMiscTaskFunction L#65 [*]Sending Sleep Signal to GSM Module Task

2021-02-17 22:23:45,276 - test_response_interface.py - DEBUG - DEBUG:   GSMmodule_CheckSim L#161 [#]IMSI: 

2021-02-17 22:23:45,387 - test_response_interface.py - DEBUG - 404112268776580

OK

DEBUG:   GSMmodule_CheckSim L#163 [#]CCID: 
89911190185421856080

OK


2021-02-17 22:23:47,127 - test_response_interface.py - DEBUG - DEBUG:   vGsmTaskFunction L#36 [#]Gsm Module Going to Power Saving Mode
DEBUG:   vGsmTaskFunction L#45 [#]Date: 21/2/17 Time: 22:23:46

2021-02-17 22:23:47,234 - test_response_interface.py - DEBUG - $GNGLL,,,,,235942.869,V,N*68

2021-02-17 22:23:48,056 - test_response_interface.py - DEBUG - $GNGLL,,,,,165346.960,V,N*68

2021-02-17 22:23:49,079 - test_response_interface.py - DEBUG - $GNGLL,,,,,165347.960,V,N*69

2021-02-17 22:23:49,188 - test_response_interface.py - DEBUG - DEBUG:   HAL_GPIO_EXTI_Callback L#56 0x4

2021-02-17 22:23:49,296 - test_response_interface.py - DEBUG - DEBUG:   VEHICLE_FsmProcess L#141 [*]VEHICLE_WAKEUP

2021-02-17 22:23:49,409 - test_response_interface.py - DEBUG - DEBUG:   VEHICLE_FsmProcess L#165 [*]VEHICLE_UNLOCK

TEMPLATE - initialization
DEBUG:   vMiscTaskFunction L#111 [*]Sending Unlock Signal to Gsm Module Task
DEBUG:   vDatalogTaskFunction L#37 [*]Starting Data  Logging

2021-02-17 22:23:49,517 - test_response_interface.py - DEBUG - DEBUG:   VEHICLE_FsmProcess L#206 [*]VEHICLE_UNLOCKED

2021-02-17 22:23:50,746 - test_response_interface.py - DEBUG - DEBUG:   vGsmTaskFunction L#55 [#]Waking Up the Gsm Module

2021-02-17 22:23:54,616 - test_response_interface.py - DEBUG - DEBUG:   HAL_GPIO_EXTI_Callback L#56 0x4
DEBUG:   HAL_GPIO_EXTI_Callback L#105 [*]KEY LOCK CALLBACK
DEBUG:   VEHICLE_FsmProcess L#237 [*]VEHICLE LOCKED
DEBUG:   VEHICLE_FsmProcess L#244 [*]VEHICLE GOING TO SLEEP

2021-02-17 22:23:54,930 - test_response_interface.py - DEBUG - DEBUG:   vMiscTaskFunction L#44 [*]Sending Lock Signal
DEBUG:   App_sendRideDetails L#195 [*]Auth Token '18717' Updated!

2021-02-17 22:23:55,043 - test_response_interface.py - DEBUG - DEBUG:   App_sendRideDetails L#217 {"data":["877045D21DBB4A7A3D0CCDBFF937586E",0.0]}
DEBUG:   vMiscTaskFunction L#65 [*]Sending Sleep Signal to GSM Module Task

2021-02-17 22:23:56,168 - test_response_interface.py - DEBUG - DEBUG:   GSMmodule_Init L#73 [#]MODULE CONFIGURED

2021-02-17 22:23:57,193 - test_response_interface.py - DEBUG - DEBUG:   GSMmodule_CheckSim L#161 [#]IMSI: 
404112268776580


2021-02-17 22:23:57,302 - test_response_interface.py - DEBUG - OK

DEBUG:   GSMmodule_CheckSim L#163 [#]CCID: 
89911190185421856080

OK


2021-02-17 22:23:59,043 - test_response_interface.py - DEBUG - DEBUG:   vGsmTaskFunction L#36 [#]Gsm Module Going to Power Saving Mode
DEBUG:   vGsmTaskFunction L#45 [#]Date: 21/2/17 Time: 22:23:58

2021-02-17 22:23:59,148 - test_response_interface.py - DEBUG - $GNGLL,,,,,235942.869,V,N*68

2021-02-17 22:23:59,660 - test_response_interface.py - DEBUG - DEBUG:   HAL_GPIO_EXTI_Callback L#56 0x4

2021-02-17 22:23:59,770 - test_response_interface.py - DEBUG - DEBUG:   VEHICLE_FsmProcess L#141 [*]VEHICLE_WAKEUP
DEBUG:   VEHICLE_FsmProcess L#165 [*]VEHICLE_UNLOCK

2021-02-17 22:23:59,880 - test_response_interface.py - DEBUG - 
TEMPLATE - initialization
DEBUG:   vMiscTaskFunction L#111 [*]Sending Unlock Signal to Gsm Module Task

2021-02-17 22:23:59,990 - test_response_interface.py - DEBUG - DEBUG:   VEHICLE_FsmProcess L#206 [*]VEHICLE_UNLOCKED
$GNGLL,,,,,165358.960,V,N*67

2021-02-17 22:24:00,202 - test_response_interface.py - DEBUG - DEBUG:   vDatalogTaskFunction L#37 [*]Starting Data  Logging

2021-02-17 22:24:00,919 - test_response_interface.py - DEBUG - $GNGLL,,,,,165359.960,V,N*66

2021-02-17 22:24:02,654 - test_response_interface.py - DEBUG - DEBUG:   vGsmTaskFunction L#55 [#]Waking Up the Gsm Module

2021-02-17 22:24:05,107 - test_response_interface.py - DEBUG - DEBUG:   HAL_GPIO_EXTI_Callback L#56 0x4
DEBUG:   HAL_GPIO_EXTI_Callback L#105 [*]KEY LOCK CALLBACK
DEBUG:   VEHICLE_FsmProcess L#237 [*]VEHICLE LOCKED

2021-02-17 22:24:05,215 - test_response_interface.py - DEBUG - DEBUG:   VEHICLE_FsmProcess L#244 [*]VEHICLE GOING TO SLEEP

2021-02-17 22:24:05,535 - test_response_interface.py - DEBUG - DEBUG:   vMiscTaskFunction L#44 [*]Sending Lock Signal
DEBUG:   App_sendRideDetails L#195 [*]Auth Token '18717' Updated!
DEBUG:   App_sendRideDetails L#217 {"data":["877045D21DBB4A7A3D0CCDBFF937586E",0.0]}
DEBUG:   vMiscTaskFunction L#65 [*]Sending Sleep Signal to GSM Module Task

2021-02-17 22:24:08,084 - test_response_interface.py - DEBUG - DEBUG:   GSMmodule_Init L#73 [#]MODULE CONFIGURED

2021-02-17 22:24:09,105 - test_response_interface.py - DEBUG - DEBUG:   GSMmodule_CheckSim L#161 [#]IMSI: 
404112268776580

2021-02-17 22:24:09,218 - test_response_interface.py - DEBUG - 
OK

DEBUG:   GSMmodule_CheckSim L#163 [#]CCID: 
89911190185421856080

OK


2021-02-17 22:24:10,140 - test_response_interface.py - DEBUG - DEBUG:   HAL_GPIO_EXTI_Callback L#56 0x4

2021-02-17 22:24:10,248 - test_response_interface.py - DEBUG - DEBUG:   VEHICLE_FsmProcess L#141 [*]VEHICLE_WAKEUP

2021-02-17 22:24:10,362 - test_response_interface.py - DEBUG - DEBUG:   VEHICLE_FsmProcess L#165 [*]VEHICLE_UNLOCK

TEMPLATE - initialization
DEBUG:   vMiscTaskFunction L#111 [*]Sending Unlock Signal to Gsm Module Task
DEBUG:   vDatalogTaskFunction L#37 [*]Starting Data  Logging

2021-02-17 22:24:10,475 - test_response_interface.py - DEBUG - DEBUG:   VEHICLE_FsmProcess L#206 [*]VEHICLE_UNLOCKED

2021-02-17 22:24:10,990 - test_response_interface.py - DEBUG - $GNGLL,,,,,235942.869,V,N*68

2021-02-17 22:24:11,918 - test_response_interface.py - DEBUG - $GNGLL,,,,,165410.960,V,N*6C

2021-02-17 22:24:12,840 - test_response_interface.py - DEBUG - $GNGLL,,,,,165411.960,V,N*6D

2021-02-17 22:24:13,868 - test_response_interface.py - DEBUG - $GNGLL,,,,,165412.960,V,N*6E

2021-02-17 22:24:14,812 - test_response_interface.py - DEBUG - $GNGLL,,,,,165413.960,V,N*6F

2021-02-17 22:24:15,538 - test_response_interface.py - DEBUG - DEBUG:   HAL_GPIO_EXTI_Callback L#56 0x4
DEBUG:   HAL_GPIO_EXTI_Callback L#105 [*]KEY LOCK CALLBACK
DEBUG:   VEHICLE_FsmProcess L#237 [*]VEHICLE LOCKED

2021-02-17 22:24:15,649 - test_response_interface.py - DEBUG - DEBUG:   VEHICLE_FsmProcess L#244 [*]VEHICLE GOING TO SLEEP

2021-02-17 22:24:15,859 - test_response_interface.py - DEBUG - $GNGLL,,,,,165414.960,V,N*68

2021-02-17 22:24:15,978 - test_response_interface.py - DEBUG - DEBUG:   vMiscTaskFunction L#44 [*]Sending Lock Signal
DEBUG:   App_sendRideDetails L#195 [*]Auth Token '18717' Updated!
DEBUG:   App_sendRideDetails L#217 {"data":["877045D21DBB4A7A3D0CCDBFF937586E",0.0]}
DEBUG:   vMiscTaskFunction L#65 [*]Sending Sleep Signal to GSM Module Task
DEBUG:   vGsmTaskFunction L#36 [#]Gsm Module Going to Power Saving Mode
DEBUG:   vGsmTaskFunction L#45 [#]Date: 21/2/17 Time: 22:24:4

2021-02-17 22:24:20,665 - test_response_interface.py - DEBUG - DEBUG:   HAL_GPIO_EXTI_Callback L#56 0x4
DEBUG:   VEHICLE_FsmProcess L#141 [*]VEHICLE_WAKEUP

2021-02-17 22:24:20,779 - test_response_interface.py - DEBUG - DEBUG:   VEHICLE_FsmProcess L#165 [*]VEHICLE_UNLOCK

TEMPLATE - initialization
DEBUG:   vMiscTaskFunction L#111 [*]Sending Unlock Signal to Gsm Module Task

2021-02-17 22:24:20,887 - test_response_interface.py - DEBUG - DEBUG:   vGsmTaskFunction L#55 [#]Waking Up the Gsm Module
DEBUG:   VEHICLE_FsmProcess L#206 [*]VEHICLE_UNLOCKED

2021-02-17 22:24:21,098 - test_response_interface.py - DEBUG - DEBUG:   vDatalogTaskFunction L#37 [*]Starting Data  Logging

2021-02-17 22:24:25,989 - test_response_interface.py - DEBUG - DEBUG:   HAL_GPIO_EXTI_Callback L#56 0x4
DEBUG:   HAL_GPIO_EXTI_Callback L#105 [*]KEY LOCK CALLBACK

2021-02-17 22:24:26,099 - test_response_interface.py - DEBUG - DEBUG:   VEHICLE_FsmProcess L#237 [*]VEHICLE LOCKED
DEBUG:   VEHICLE_FsmProcess L#244 [*]VEHICLE GOING TO SLEEP

2021-02-17 22:24:26,207 - test_response_interface.py - DEBUG - DEBUG:   GSMmodule_Init L#73 [#]MODULE CONFIGURED

2021-02-17 22:24:26,418 - test_response_interface.py - DEBUG - DEBUG:   vMiscTaskFunction L#44 [*]Sending Lock Signal

2021-02-17 22:24:26,530 - test_response_interface.py - DEBUG - DEBUG:   App_sendRideDetails L#195 [*]Auth Token '18717' Updated!
DEBUG:   App_sendRideDetails L#217 {"data":["877045D21DBB4A7A3D0CCDBFF937586E",0.0]}
DEBUG:   vMiscTaskFunction L#65 [*]Sending Sleep Signal to GSM Module Task

2021-02-17 22:24:27,249 - test_response_interface.py - DEBUG - DEBUG:   GSMmodule_CheckSim L#161 [#]IMSI: 
404112268776580

OK

2021-02-17 22:24:27,362 - test_response_interface.py - DEBUG - 
DEBUG:   GSMmodule_CheckSim L#163 [#]CCID: 
89911190185421856080

OK


2021-02-17 22:24:29,098 - test_response_interface.py - DEBUG - DEBUG:   vGsmTaskFunction L#36 [#]Gsm Module Going to Power Saving Mode
DEBUG:   vGsmTaskFunction L#45 [#]Date: 21/2/17 Time: 22:24:17
$GNGLL,,,,,235942.869,V,N*68

2021-02-17 22:24:29,914 - test_response_interface.py - DEBUG - $GNGLL,,,,,165417.960,V,N*6B

2021-02-17 22:24:30,943 - test_response_interface.py - DEBUG - $GNGLL,,,,,165418.960,V,N*64

2021-02-17 22:37:07,033 - test_response_interface.py - DEBUG - DEBUG:   HAL_GPIO_EXTI_Callback L#56 0x4

2021-02-17 22:37:07,142 - test_response_interface.py - DEBUG - DEBUG:   VEHICLE_FsmProcess L#141 [*]VEHICLE_WAKEUP

2021-02-17 22:37:07,256 - test_response_interface.py - DEBUG - DEBUG:   VEHICLE_FsmProcess L#165 [*]VEHICLE_UNLOCK

TEMPLATE - initialization
DEBUG:   vMiscTaskFunction L#111 [*]Sending Unlock Signal to Gsm Module Task
DEBUG:   vGsmTaskFunction L#55 [#]Waking Up the Gsm Module

2021-02-17 22:37:07,364 - test_response_interface.py - DEBUG - DEBUG:   VEHICLE_FsmProcess L#206 [*]VEHICLE_UNLOCKED

2021-02-17 22:37:07,677 - test_response_interface.py - DEBUG - DEBUG:   vDatalogTaskFunction L#37 [*]Starting Data  Logging

2021-02-17 22:37:08,500 - test_response_interface.py - DEBUG - DEBUG:   HAL_GPIO_EXTI_Callback L#56 0x4
DEBUG:   HAL_GPIO_EXTI_Callback L#105 [*]KEY LOCK CALLBACK

2021-02-17 22:37:08,610 - test_response_interface.py - DEBUG - DEBUG:   VEHICLE_FsmProcess L#237 [*]VEHICLE LOCKED
DEBUG:   VEHICLE_FsmProcess L#244 [*]VEHICLE GOING TO SLEEP

2021-02-17 22:37:08,932 - test_response_interface.py - DEBUG - DEBUG:   vMiscTaskFunction L#44 [*]Sending Lock Signal
DEBUG:   App_sendRideDetails L#195 [*]Auth Token '18717' Updated!
DEBUG:   App_sendRideDetails L#217 {"data":["877045D21DBB4A7A3D0CCDBFF937586E",0.0]}
DEBUG:   vMiscTaskFunction L#65 [*]Sending Sleep Signal to GSM Module Task

2021-02-17 22:37:09,645 - test_response_interface.py - DEBUG - DEBUG:   HAL_GPIO_EXTI_Callback L#56 0x4

2021-02-17 22:37:09,752 - test_response_interface.py - DEBUG - DEBUG:   VEHICLE_FsmProcess L#141 [*]VEHICLE_WAKEUP

2021-02-17 22:37:09,862 - test_response_interface.py - DEBUG - DEBUG:   VEHICLE_FsmProcess L#165 [*]VEHICLE_UNLOCK

TEMPLATE - initialization
DEBUG:   vMiscTaskFunction L#111 [*]Sending Unlock Signal to Gsm Module Task

2021-02-17 22:37:09,970 - test_response_interface.py - DEBUG - DEBUG:   VEHICLE_FsmProcess L#206 [*]VEHICLE_UNLOCKED

2021-02-17 22:37:10,181 - test_response_interface.py - DEBUG - DEBUG:   vDatalogTaskFunction L#37 [*]Starting Data  Logging

2021-02-17 22:37:11,009 - test_response_interface.py - DEBUG - DEBUG:   HAL_GPIO_EXTI_Callback L#56 0x4
DEBUG:   HAL_GPIO_EXTI_Callback L#105 [*]KEY LOCK CALLBACK

2021-02-17 22:37:11,119 - test_response_interface.py - DEBUG - DEBUG:   VEHICLE_FsmProcess L#237 [*]VEHICLE LOCKED
DEBUG:   VEHICLE_FsmProcess L#244 [*]VEHICLE GOING TO SLEEP

2021-02-17 22:37:11,540 - test_response_interface.py - DEBUG - DEBUG:   vMiscTaskFunction L#44 [*]Sending Lock Signal
DEBUG:   App_sendRideDetails L#195 [*]Auth Token '18717' Updated!
DEBUG:   App_sendRideDetails L#217 {"data":["877045D21DBB4A7A3D0CCDBFF937586E",0.0]}
DEBUG:   vMiscTaskFunction L#65 [*]Sending Sleep Signal to GSM Module Task

2021-02-17 22:37:12,163 - test_response_interface.py - DEBUG - DEBUG:   HAL_GPIO_EXTI_Callback L#56 0x4

2021-02-17 22:37:12,271 - test_response_interface.py - DEBUG - DEBUG:   VEHICLE_FsmProcess L#141 [*]VEHICLE_WAKEUP

2021-02-17 22:37:12,386 - test_response_interface.py - DEBUG - DEBUG:   VEHICLE_FsmProcess L#165 [*]VEHICLE_UNLOCK

TEMPLATE - initialization
DEBUG:   vMiscTaskFunction L#111 [*]Sending Unlock Signal to Gsm Module Task

2021-02-17 22:37:12,494 - test_response_interface.py - DEBUG - DEBUG:   VEHICLE_FsmProcess L#206 [*]VEHICLE_UNLOCKED

2021-02-17 22:37:12,808 - test_response_interface.py - DEBUG - DEBUG:   GSMmodule_Init L#73 [#]MODULE CONFIGURED
DEBUG:   vDatalogTaskFunction L#37 [*]Starting Data  Logging

2021-02-17 22:37:13,526 - test_response_interface.py - DEBUG - DEBUG:   HAL_GPIO_EXTI_Callback L#56 0x4

2021-02-17 22:37:13,637 - test_response_interface.py - DEBUG - DEBUG:   HAL_GPIO_EXTI_Callback L#105 [*]KEY LOCK CALLBACK
DEBUG:   VEHICLE_FsmProcess L#237 [*]VEHICLE LOCKED
DEBUG:   VEHICLE_FsmProcess L#244 [*]VEHICLE GOING TO SLEEP

2021-02-17 22:37:13,849 - test_response_interface.py - DEBUG - DEBUG:   GSMmodule_CheckSim L#161 [#]IMSI: 
404112268776580

OK

DEBUG:   GSMmodule_CheckSim L#163 [#]CCID: 
89911190185421856080


2021-02-17 22:37:13,967 - test_response_interface.py - DEBUG - OK

DEBUG:   vMiscTaskFunction L#44 [*]Sending Lock Signal
DEBUG:   App_sendRideDetails L#195 [*]Auth Token '18717' Updated!
DEBUG:   App_sendRideDetails L#217 {"data":["877045D21DBB4A7A3D0CCDBFF937586E",0.0]}
DEBUG:   vMiscTaskFunction L#65 [*]Sending Sleep Signal to GSM Module Task

2021-02-17 22:37:14,786 - test_response_interface.py - DEBUG - DEBUG:   HAL_GPIO_EXTI_Callback L#56 0x4
DEBUG:   VEHICLE_FsmProcess L#141 [*]VEHICLE_WAKEUP

2021-02-17 22:37:14,899 - test_response_interface.py - DEBUG - DEBUG:   VEHICLE_FsmProcess L#165 [*]VEHICLE_UNLOCK

TEMPLATE - initialization
DEBUG:   vMiscTaskFunction L#111 [*]Sending Unlock Signal to Gsm Module Task

2021-02-17 22:37:15,008 - test_response_interface.py - DEBUG - DEBUG:   VEHICLE_FsmProcess L#206 [*]VEHICLE_UNLOCKED

2021-02-17 22:37:15,319 - test_response_interface.py - DEBUG - DEBUG:   vDatalogTaskFunction L#37 [*]Starting Data  Logging

2021-02-17 22:37:15,630 - test_response_interface.py - DEBUG - $GNGLL,,,,,235942.869,V,N*68

2021-02-17 22:37:16,166 - test_response_interface.py - DEBUG - DEBUG:   HAL_GPIO_EXTI_Callback L#56 0x4
DEBUG:   HAL_GPIO_EXTI_Callback L#105 [*]KEY LOCK CALLBACK
DEBUG:   VEHICLE_FsmProcess L#237 [*]VEHICLE LOCKED
DEBUG:   VEHICLE_FsmProcess L#244 [*]VEHICLE GOING TO SLEEP

2021-02-17 22:37:16,595 - test_response_interface.py - DEBUG - DEBUG:   vMiscTaskFunction L#44 [*]Sending Lock Signal
DEBUG:   App_sendRideDetails L#195 [*]Auth Token '18717' Updated!
DEBUG:   App_sendRideDetails L#217 {"data":["877045D21DBB4A7A3D0CCDBFF937586E",0.0]}
DEBUG:   vMiscTaskFunction L#65 [*]Sending Sleep Signal to GSM Module Task
$GNGLL,,,,,170704.950,V,N*6D
DEBUG:   vGsmTaskFunction L#36 [#]Gsm Module Going to Power Saving Mode

2021-02-17 22:37:16,706 - test_response_interface.py - DEBUG - DEBUG:   vGsmTaskFunction L#45 [#]Date: 21/2/17 Time: 22:37:5

2021-02-17 22:37:17,319 - test_response_interface.py - DEBUG - DEBUG:   HAL_GPIO_EXTI_Callback L#56 0x4
DEBUG:   VEHICLE_FsmProcess L#141 [*]VEHICLE_WAKEUP

2021-02-17 22:37:17,452 - test_response_interface.py - DEBUG - DEBUG:   VEHICLE_FsmProcess L#165 [*]VEHICLE_UNLOCK

TEMPLATE - initialization
DEBUG:   vMiscTaskFunction L#111 [*]Sending Unlock Signal to Gsm Module Task

2021-02-17 22:37:17,559 - test_response_interface.py - DEBUG - DEBUG:   VEHICLE_FsmProcess L#206 [*]VEHICLE_UNLOCKED

2021-02-17 22:37:17,877 - test_response_interface.py - DEBUG - DEBUG:   vDatalogTaskFunction L#37 [*]Starting Data  Logging

2021-02-17 22:37:18,605 - test_response_interface.py - DEBUG - DEBUG:   HAL_GPIO_EXTI_Callback L#56 0x4

2021-02-17 22:37:18,716 - test_response_interface.py - DEBUG - DEBUG:   HAL_GPIO_EXTI_Callback L#105 [*]KEY LOCK CALLBACK
DEBUG:   VEHICLE_FsmProcess L#237 [*]VEHICLE LOCKED

2021-02-17 22:37:18,823 - test_response_interface.py - DEBUG - DEBUG:   VEHICLE_FsmProcess L#244 [*]VEHICLE GOING TO SLEEP

2021-02-17 22:37:19,136 - test_response_interface.py - DEBUG - DEBUG:   vMiscTaskFunction L#44 [*]Sending Lock Signal
DEBUG:   App_sendRideDetails L#195 [*]Auth Token '18717' Updated!
DEBUG:   App_sendRideDetails L#217 {"data":["877045D21DBB4A7A3D0CCDBFF937586E",0.0]}
DEBUG:   vMiscTaskFunction L#65 [*]Sending Sleep Signal to GSM Module Task

2021-02-17 23:00:21,332 - test_response_interface.py - DEBUG - DEBUG:   vSyncTaskFunction L#41 [#]Sync Task Triggered: 23:0:9
DEBUG:   vSyncTaskFunction L#44 [#]Next Alarm Time: 2:0:0
DEBUG:   vSyncTaskFunction L#47 [#]Free:66977792 Used:131072
DEBUG:   CAN_AppInit L#229 [#]Can Stack Initialized: 1410110

2021-02-17 23:00:21,440 - test_response_interface.py - DEBUG - DEBUG:   vGsmTaskFunction L#55 [#]Waking Up the Gsm Module

2021-02-17 23:00:26,838 - test_response_interface.py - DEBUG - DEBUG:   GSMmodule_Init L#73 [#]MODULE CONFIGURED

2021-02-17 23:00:27,865 - test_response_interface.py - DEBUG - DEBUG:   GSMmodule_CheckSim L#161 [#]IMSI: 
404112268776580

OK

DEBUG:   GSMmodule_CheckSim L#163 [#]CCID: 
89911190185421856080


2021-02-17 23:00:27,975 - test_response_interface.py - DEBUG - OK


2021-02-17 23:00:29,709 - test_response_interface.py - DEBUG - $GNGLL,,,,,235942.869,V,N*68

2021-02-17 23:00:30,532 - test_response_interface.py - DEBUG - $GNGLL,,,,,173018.960,V,N*67

2021-02-17 23:00:31,557 - test_response_interface.py - DEBUG - $GNGLL,,,,,173019.960,V,N*66

2021-02-17 23:00:32,583 - test_response_interface.py - DEBUG - $GNGLL,,,,,173020.960,V,N*6C
DEBUG:   HAL_GPIO_EXTI_Callback L#56 0x4
DEBUG:   VEHICLE_FsmProcess L#141 [*]VEHICLE_WAKEUP

2021-02-17 23:00:32,692 - test_response_interface.py - DEBUG - DEBUG:   VEHICLE_FsmProcess L#165 [*]VEHICLE_UNLOCK

TEMPLATE - initialization

2021-02-17 23:00:32,802 - test_response_interface.py - DEBUG - DEBUG:   vMiscTaskFunction L#111 [*]Sending Unlock Signal to Gsm Module Task
DEBUG:   VEHICLE_FsmProcess L#206 [*]VEHICLE_UNLOCKED

2021-02-17 23:00:33,216 - test_response_interface.py - DEBUG - DEBUG:   vDatalogTaskFunction L#37 [*]Starting Data  Logging

2021-02-17 23:00:33,530 - test_response_interface.py - DEBUG - $GNGLL,,,,,173021.960,V,N*6D

2021-02-17 23:00:34,557 - test_response_interface.py - DEBUG - $GNGLL,,,,,173022.960,V,N*6E

2021-02-17 23:00:35,175 - test_response_interface.py - DEBUG - DEBUG:   GSMmodule_GsmAppProcess L#208 [#]GPRS CONFIGURED

2021-02-17 23:00:35,487 - test_response_interface.py - DEBUG - $GNGLL,,,,,173023.960,V,N*6F

2021-02-17 23:00:36,613 - test_response_interface.py - DEBUG - $GNGLL,,,,,173024.960,V,N*68

2021-02-17 23:00:37,536 - test_response_interface.py - DEBUG - $GNGLL,,,,,173025.960,V,N*69

2021-02-17 23:00:38,464 - test_response_interface.py - DEBUG - DEBUG:   GSMmodule_GsmAppProcess L#226 [#]IP Address: 10.113.152.121

2021-02-17 23:00:38,573 - test_response_interface.py - DEBUG - $GNGLL,,,,,173026.960,V,N*6A

2021-02-17 23:00:39,493 - test_response_interface.py - DEBUG - $GNGLL,,,,,173027.960,V,N*6B

2021-02-17 23:00:40,517 - test_response_interface.py - DEBUG - $GNGLL,,,,,173028.960,V,N*64

2021-02-17 23:00:40,729 - test_response_interface.py - DEBUG - DEBUG:   AWS_ConnectionManage L#193 -> MQTT CONFIGURING!

2021-02-17 23:00:40,839 - test_response_interface.py - DEBUG - DEBUG:   GSMmodule_GsmAppProcess L#390 [#]FETCHING GPRS STATE
DEBUG:   AWS_ConnectionManage L#135 -> CONNECTING TO MQTT SERVER..

2021-02-17 23:00:43,089 - test_response_interface.py - DEBUG - $GNGLL,,,,,173029.960,V,N*65

2021-02-17 23:00:44,011 - test_response_interface.py - DEBUG - $GNGLL,,,,,173030.960,V,N*6D

2021-02-17 23:00:44,117 - test_response_interface.py - DEBUG - $GNGLL,,,,,173031.960,V,N*6C

2021-02-17 23:00:48,901 - test_response_interface.py - DEBUG - DEBUG:   HAL_GPIO_EXTI_Callback L#56 0x4

2021-02-17 23:00:49,009 - test_response_interface.py - DEBUG - DEBUG:   HAL_GPIO_EXTI_Callback L#105 [*]KEY LOCK CALLBACK

2021-02-17 23:00:49,119 - test_response_interface.py - DEBUG - DEBUG:   VEHICLE_FsmProcess L#237 [*]VEHICLE LOCKED
DEBUG:   VEHICLE_FsmProcess L#244 [*]VEHICLE GOING TO SLEEP

2021-02-17 23:00:49,446 - test_response_interface.py - DEBUG - DEBUG:   vMiscTaskFunction L#44 [*]Sending Lock Signal
DEBUG:   App_sendRideDetails L#195 [*]Auth Token '18717' Updated!
DEBUG:   App_sendRideDetails L#217 {"data":["877045D21DBB4A7A3D0CCDBFF937586E",0.0]}
DEBUG:   vMiscTaskFunction L#65 [*]Sending Sleep Signal to GSM Module Task

2021-02-17 23:00:50,780 - test_response_interface.py - DEBUG - DEBUG:   vGsmTaskFunction L#36 [#]Gsm Module Going to Power Saving Mode
DEBUG:   vGsmTaskFunction L#45 [#]Date: 21/2/17 Time: 23:0:50

2021-02-17 23:01:39,849 - test_response_interface.py - DEBUG - DEBUG:   vSyncTaskFunction L#41 [#]Sync Task Triggered: 23:1:39
DEBUG:   vSyncTaskFunction L#44 [#]Next Alarm Time: 2:0:0

2021-02-17 23:01:39,960 - test_response_interface.py - DEBUG - DEBUG:   vSyncTaskFunction L#47 [#]Free:66977792 Used:131072
DEBUG:   CAN_AppInit L#229 [#]Can Stack Initialized: 1488669
DEBUG:   vGsmTaskFunction L#55 [#]Waking Up the Gsm Module

2021-02-17 23:01:45,356 - test_response_interface.py - DEBUG - DEBUG:   GSMmodule_Init L#73 [#]MODULE CONFIGURED

2021-02-17 23:01:46,382 - test_response_interface.py - DEBUG - DEBUG:   GSMmodule_CheckSim L#161 [#]IMSI: 
404112268776580


2021-02-17 23:01:46,491 - test_response_interface.py - DEBUG - OK

DEBUG:   GSMmodule_CheckSim L#163 [#]CCID: 
89911190185421856080

OK


2021-02-17 23:01:48,329 - test_response_interface.py - DEBUG - $GNGLL,,,,,235942.869,V,N*68

2021-02-17 23:01:49,149 - test_response_interface.py - DEBUG - $GNGLL,,,,,173147.960,V,N*6C

2021-02-17 23:01:50,076 - test_response_interface.py - DEBUG - $GNGLL,,,,,173148.960,V,N*63

2021-02-17 23:01:51,202 - test_response_interface.py - DEBUG - $GNGLL,,,,,173149.960,V,N*62

2021-02-17 23:01:52,125 - test_response_interface.py - DEBUG - $GNGLL,,,,,173150.960,V,N*6A

2021-02-17 23:01:53,149 - test_response_interface.py - DEBUG - $GNGLL,,,,,173151.960,V,N*6B

2021-02-17 23:01:54,169 - test_response_interface.py - DEBUG - $GNGLL,,,,,173152.960,V,N*68

2021-02-17 23:01:55,093 - test_response_interface.py - DEBUG - $GNGLL,,,,,173153.960,V,N*69

2021-02-17 23:01:56,117 - test_response_interface.py - DEBUG - $GNGLL,,,,,173154.960,V,N*6E

2021-02-17 23:01:57,147 - test_response_interface.py - DEBUG - $GNGLL,,,,,173155.960,V,N*6F

2021-02-17 23:01:58,171 - test_response_interface.py - DEBUG - $GNGLL,,,,,173156.960,V,N*6C

2021-02-17 23:01:59,103 - test_response_interface.py - DEBUG - $GNGLL,,,,,173157.960,V,N*6D

2021-02-17 23:02:00,122 - test_response_interface.py - DEBUG - $GNGLL,,,,,173158.960,V,N*62

2021-02-17 23:02:00,232 - test_response_interface.py - DEBUG - DEBUG:   GSMmodule_GsmAppProcess L#215 [#]GPRS CONFIGURED - OVERRIDING

2021-02-17 23:02:01,153 - test_response_interface.py - DEBUG - $GNGLL,,,,,173159.960,V,N*63

2021-02-17 23:02:02,173 - test_response_interface.py - DEBUG - $GNGLL,,,,,173200.960,V,N*6C

2021-02-17 23:02:03,197 - test_response_interface.py - DEBUG - $GNGLL,,,,,173201.960,V,N*6D

2021-02-17 23:02:04,122 - test_response_interface.py - DEBUG - $GNGLL,,,,,173202.960,V,N*6E

2021-02-17 23:02:04,434 - test_response_interface.py - DEBUG - DEBUG:   GSMmodule_GsmAppProcess L#226 [#]IP Address: 10.113.152.121

2021-02-17 23:02:05,153 - test_response_interface.py - DEBUG - $GNGLL,,,,,173203.960,V,N*6F

2021-02-17 23:02:06,177 - test_response_interface.py - DEBUG - $GNGLL,,,,,173204.960,V,N*68

2021-02-17 23:02:06,804 - test_response_interface.py - DEBUG - DEBUG:   AWS_ConnectionManage L#193 -> MQTT CONFIGURING!
DEBUG:   GSMmodule_GsmAppProcess L#390 [#]FETCHING GPRS STATE
DEBUG:   AWS_ConnectionManage L#135 -> CONNECTING TO MQTT SERVER..

2021-02-17 23:02:09,755 - test_response_interface.py - DEBUG - $GNGLL,,,,,173206.960,V,N*6A

2021-02-17 23:02:09,863 - test_response_interface.py - DEBUG - $GNGLL,,,,,173207.960,V,N*6B

2021-02-17 23:02:16,893 - test_response_interface.py - DEBUG - DEBUG:   AWS_ConnectionManage L#155 -> SEND CLIENT CONN. PACKET

2021-02-17 23:02:17,206 - test_response_interface.py - DEBUG - DEBUG:   AWS_ConnectionManage L#173 -> MQTT SUBSCRIBING TO TOPIC

2021-02-17 23:02:17,523 - test_response_interface.py - DEBUG - DEBUG:   GSMmodule_GsmAppProcess L#317 [#]ASYNC EVENT: 16
DEBUG:   GSMmodule_GsmAppProcess L#326 [*]NEW TOKEN: 18717
DEBUG:   GSMmodule_GsmAppProcess L#347  -- SHADOW UPDATE: {"state":{"reported":{"vsr":0,"token":18717}}}

2021-02-17 23:02:17,636 - test_response_interface.py - DEBUG - DEBUG:   GSMmodule_GsmAppProcess L#380 [*]Signal Strength: -43, Good
DEBUG:   GSMmodule_GsmAppProcess L#383  -- SHADOW UPDATE: {"state":{"reported":{"vsr":0,"cell_info":"404,11,3ff,e879,663,31,-43,245,245,5,5"}}}

2021-02-17 23:02:22,735 - test_response_interface.py - DEBUG - DEBUG:   GSMmodule_GsmAppProcess L#380 [*]Signal Strength: -43, Good
DEBUG:   GSMmodule_GsmAppProcess L#383  -- SHADOW UPDATE: {"state":{"reported":{"vsr":0,"cell_info":"404,11,3ff,e879,663,31,-43,246,246,5,5"}}}

2021-02-17 23:02:27,733 - test_response_interface.py - DEBUG - DEBUG:   GSMmodule_GsmAppProcess L#380 [*]Signal Strength: -43, Good

2021-02-17 23:02:27,850 - test_response_interface.py - DEBUG - DEBUG:   GSMmodule_GsmAppProcess L#383  -- SHADOW UPDATE: {"state":{"reported":{"vsr":0,"cell_info":"404,11,3ff,e879,663,31,-43,245,245,5,5"}}}

2021-02-17 23:02:28,980 - test_response_interface.py - DEBUG - DEBUG:   vSyncTaskFunction L#120 [#]Starting File Upload
DEBUG:   FTP_uploadDataToServer L#64 Filesize: 27875
DEBUG:   FTP_uploadDataToServer L#65 Size to Upload: 27875

2021-02-17 23:02:32,443 - test_response_interface.py - DEBUG - DEBUG:   FTP_uploadDataToServer L#71 FTP Connection Open
DEBUG:   FTP_uploadDataToServer L#89 Total FTP Requests: 1

2021-02-17 23:02:33,771 - test_response_interface.py - DEBUG - .
2021-02-17 23:02:33,878 - test_response_interface.py - DEBUG - .
2021-02-17 23:02:33,985 - test_response_interface.py - DEBUG - .
2021-02-17 23:02:34,092 - test_response_interface.py - DEBUG - .
2021-02-17 23:02:34,197 - test_response_interface.py - DEBUG - .
2021-02-17 23:02:34,300 - test_response_interface.py - DEBUG - .
2021-02-17 23:02:34,403 - test_response_interface.py - DEBUG - .
2021-02-17 23:02:34,507 - test_response_interface.py - DEBUG - .
2021-02-17 23:02:34,610 - test_response_interface.py - DEBUG - .
2021-02-17 23:02:34,818 - test_response_interface.py - DEBUG - .
2021-02-17 23:02:34,924 - test_response_interface.py - DEBUG - .
2021-02-17 23:02:35,743 - test_response_interface.py - DEBUG - .
2021-02-17 23:02:35,850 - test_response_interface.py - DEBUG - .
2021-02-17 23:02:36,058 - test_response_interface.py - DEBUG - .
2021-02-17 23:02:36,165 - test_response_interface.py - DEBUG - .
2021-02-17 23:02:36,578 - test_response_interface.py - DEBUG - .
2021-02-17 23:02:36,787 - test_response_interface.py - DEBUG - .
2021-02-17 23:02:36,894 - test_response_interface.py - DEBUG - .
2021-02-17 23:02:37,306 - test_response_interface.py - DEBUG - .
2021-02-17 23:02:37,514 - test_response_interface.py - DEBUG - .
2021-02-17 23:02:37,621 - test_response_interface.py - DEBUG - .
2021-02-17 23:02:38,032 - test_response_interface.py - DEBUG - .
2021-02-17 23:02:38,342 - test_response_interface.py - DEBUG - .
2021-02-17 23:02:38,658 - test_response_interface.py - DEBUG - .
2021-02-17 23:02:38,766 - test_response_interface.py - DEBUG - .
2021-02-17 23:02:39,073 - test_response_interface.py - DEBUG - .
2021-02-17 23:02:39,384 - test_response_interface.py - DEBUG - .
2021-02-17 23:02:39,490 - test_response_interface.py - DEBUG - .
2021-02-17 23:02:47,228 - test_response_interface.py - DEBUG - DEBUG:   FTP_uploadDataToServer L#143 Resume Point: 27875

2021-02-17 23:02:48,561 - test_response_interface.py - DEBUG - DEBUG:   GSMmodule_GsmAppProcess L#300 File Uploaded Successfully
DEBUG:   AWS_ConnectionManage L#135 -> CONNECTING TO MQTT SERVER..

2021-02-17 23:02:48,976 - test_response_interface.py - DEBUG - DEBUG:   vSyncTaskFunction L#92 [#]Sync Completed Successfully

2021-02-17 23:02:49,084 - test_response_interface.py - DEBUG - DEBUG:   vSyncTaskFunction L#141 [#]Sync Task Finished!

2021-02-17 23:02:58,652 - test_response_interface.py - DEBUG - DEBUG:   vGsmTaskFunction L#36 [#]Gsm Module Going to Power Saving Mode

2021-02-17 23:02:58,761 - test_response_interface.py - DEBUG - DEBUG:   vGsmTaskFunction L#45 [#]Date: 21/2/17 Time: 23:2:58

2021-02-18 11:57:02,507 - test_response_interface.py - DEBUG - DEBUG:   main L#148 [#]♥
============================
=   I-VEC (c) Application  =
=  FW Version: FWv_3_4.bin =
============================
Epoch: 946684800
DEBUG:   HAL_GPIO_EXTI_Callback L#56 0x1
DEBUG:   App_Init L#91 <Device Id: 2621513-893931545-540029520>
DEBUG:   VEHICLE_Init L#112 Starting!!
DEBUG:   IMU_Init L#72 [#]IIS2MDC Id: 0x0
DEBUG:   IMU_Init L#74 [#]IIS2MDC Init Failed
DEBUG:   IMU_Init L#77 [#]ASM330LHH Id: 0x6B
DEBUG:   vMiscTaskFunction L#30 [#]MISC TASK Initialized.
DEBUG:   vAsyncTaskFunction L#22 [#]ASYNC TASK Initialized
DEBUG:   vDatalogTaskFunction L#20 [#]DATALOG TASK Initialized.
DEBUG:   vSyncTaskFunction L#29 [#]SYNC TASK Initialized.
mem : @82 - System static memory: 24384 bytes
mem : @82 - System static memory: 24384 bytes
mtb : @174 - init device for mount point /data/ ...
mtb : @193 - mount partiton: 0,511
mem : @66 - 0x0x20002e4c: Allocated 192, free 24192
flsh: @216 - alloc spare buffers 192 bytes.
flsh: @244 - ECC size 24
flsh: @292 - UFFS consume spare data size 34


2021-02-18 11:57:02,626 - test_response_interface.py - DEBUG - $GNGLL,,,,,235942.869,V,N*68

2021-02-18 11:57:03,421 - test_response_interface.py - DEBUG - $GNGLL,,,,,062701.950,V,N*6A

2021-02-18 11:57:04,543 - test_response_interface.py - DEBUG - $GNGLL,,,,,062702.950,V,N*69

2021-02-18 11:57:05,462 - test_response_interface.py - DEBUG - $GNGLL,,,,,062703.950,V,N*68

2021-02-18 11:57:06,482 - test_response_interface.py - DEBUG - $GNGLL,,,,,062704.950,V,N*6F

2021-02-18 11:57:07,505 - test_response_interface.py - DEBUG - $GNGLL,,,,,062705.950,V,N*6E

2021-02-18 11:57:08,428 - test_response_interface.py - DEBUG - $GNGLL,,,,,062706.950,V,N*6D

2021-02-18 11:57:09,458 - test_response_interface.py - DEBUG - $GNGLL,,,,,062707.950,V,N*6C

2021-02-18 11:57:10,289 - test_response_interface.py - DEBUG - DEBUG:   GSMmodule_GsmAppProcess L#208 [#]GPRS CONFIGURED

2021-02-18 11:57:10,501 - test_response_interface.py - DEBUG - $GNGLL,,,,,062708.950,V,N*63
DEBUG:   GSMmodule_GsmAppProcess L#231 [#]GPRS ERROR

2021-02-18 11:57:10,627 - test_response_interface.py - DEBUG - DEBUG:   GSMmodule_GsmAppProcess L#236 [#]GPRS DEACTIVATING
FUNC_ENTRY:   GSMmodule_DeInit L#133 

2021-02-18 11:57:13,883 - test_response_interface.py - DEBUG - FUNC_EXIT:   GSMmodule_DeInit L#148 Return Code : 0 
FUNC_ENTRY:   GSMmodule_Init L#57 

2021-02-18 11:57:22,333 - test_response_interface.py - DEBUG - DEBUG:   GSMmodule_Init L#73 [#]MODULE CONFIGURED

2021-02-18 11:57:23,356 - test_response_interface.py - DEBUG - DEBUG:   GSMmodule_CheckSim L#161 [#]IMSI: 
404100531844034

OK

2021-02-18 11:57:23,467 - test_response_interface.py - DEBUG - 
DEBUG:   GSMmodule_CheckSim L#163 [#]CCID: 
8991102005318440342F

OK

FUNC_ENTRY:   GSMmodule_FtpSetUser L#23 
FUNC_EXIT:   GSMmodule_FtpSetUser L#31 Return Code : 0 

2021-02-18 11:57:23,581 - test_response_interface.py - DEBUG - FUNC_ENTRY:   GSMmodule_FtpSetPassword L#43 
FUNC_EXIT:   GSMmodule_FtpSetPassword L#52 Return Code : 0 
FUNC_ENTRY:   GSMmodule_SSLFlashCert L#57 
FUNC_EXIT:   GSMmodule_SSLFlashCert L#88 Return Code : 0 
FUNC_EXIT:   GSMmodule_SSLConfig L#99 

2021-02-18 11:57:23,689 - test_response_interface.py - DEBUG - FUNC_EXIT:   GSMmodule_SSLConfig L#148 Return Code : 0 
FUNC_ENTRY:   GSMmodule_ConfigureGNSS L#101 

2021-02-18 11:57:25,222 - test_response_interface.py - DEBUG - FUNC_EXIT:   GSMmodule_ConfigureGNSS L#127 Return Code : 0 

2021-02-18 11:57:25,338 - test_response_interface.py - DEBUG - FUNC_EXIT:   GSMmodule_Init L#122 Return Code : 0 
$GNGLL,,,,,235942.869,V,N*68

2021-02-18 11:57:26,258 - test_response_interface.py - DEBUG - $GNGLL,,,,,062724.950,V,N*6D

2021-02-18 11:57:27,182 - test_response_interface.py - DEBUG - $GNGLL,,,,,062725.950,V,N*6C

2021-02-18 11:57:28,207 - test_response_interface.py - DEBUG - $GNGLL,,,,,062726.950,V,N*6F

2021-02-18 11:57:29,228 - test_response_interface.py - DEBUG - $GNGLL,,,,,062727.950,V,N*6E

2021-02-18 12:00:31,091 - test_response_interface.py - DEBUG - $GNGLL,,,,,062728.950,V,N*61
$GNGLL,,,,,062729.950,V,N*60
DEBUG:   GSMmodule_GsmAppProcess L#208 [#]GPRS CONFIGURED
DEBUG:   GSMmodule_GsmAppProcess L#231 [#]GPRS ERROR
DEBUG:   GSMmodule_GsmAppProcess L#236 [#]GPRS DEACTIVATING
FUNC_ENTRY:   GSMmodule_DeInit L#133 
FUNC_EXIT:   GSMmodule_DeInit L#148 Return Code : 0 
FUNC_ENTRY:   GSMmodule_Init L#57 
DEBUG:   GSMmodule_Init L#73 [#]MODULE CONFIGURED
DEBUG:   GSMmodule_CheckSim L#161 [#]IMSI: 
404100531844034

OK

DEBUG:   GSMmodule_CheckSim L#163 [#]CCID: 
8991102005318440342F

OK

FUNC_ENTRY:   GSMmodule_FtpSetUser L#23 
FUNC_EXIT:   GSMmodule_FtpSetUser L#31 Return Code : 0 
FUNC_ENTRY:   GSMmodule_FtpSetPassword L#43 
FUNC_EXIT:   GSMmodule_FtpSetPassword L#52 Return Code : 0 
FUNC_ENTRY:   GSMmodule_SSLFlashCert L#57 
FUNC_EXIT:   GSMmodule_SSLFlashCert L#88 Return Code : 0 
FUNC_EXIT:   GSMmodule_SSLConfig L#99 
FUNC_EXIT:   GSMmodule_SSLConfig L#148 Return Code : 0 
FUNC_ENTRY:   GSMmodule_ConfigureGNSS L#101 
$GNGLL,,,,,235942.869,V,N*68

2021-02-18 12:00:32,800 - test_response_interface.py - DEBUG - FUNC_EXIT:   GSMmodule_DeInit L#148 Return Code : 0 
FUNC_ENTRY:   GSMmodule_Init L#57 

2021-02-18 12:00:39,699 - test_response_interface.py - DEBUG - DEBUG:   GSMmodule_Init L#73 [#]MODULE CONFIGURED

2021-02-18 12:00:40,719 - test_response_interface.py - DEBUG - DEBUG:   GSMmodule_CheckSim L#161 [#]IMSI: 
404100531844034

2021-02-18 12:00:40,829 - test_response_interface.py - DEBUG - 
OK

DEBUG:   GSMmodule_CheckSim L#163 [#]CCID: 
8991102005318440342F

OK


2021-02-18 12:00:40,952 - test_response_interface.py - DEBUG - FUNC_ENTRY:   GSMmodule_FtpSetUser L#23 
FUNC_EXIT:   GSMmodule_FtpSetUser L#31 Return Code : 0 
FUNC_ENTRY:   GSMmodule_FtpSetPassword L#43 
FUNC_EXIT:   GSMmodule_FtpSetPassword L#52 Return Code : 0 
FUNC_ENTRY:   GSMmodule_SSLFlashCert L#57 
FUNC_EXIT:   GSMmodule_SSLFlashCert L#88 Return Code : 0 

2021-02-18 12:00:41,060 - test_response_interface.py - DEBUG - FUNC_EXIT:   GSMmodule_SSLConfig L#99 
FUNC_EXIT:   GSMmodule_SSLConfig L#148 Return Code : 0 
FUNC_ENTRY:   GSMmodule_ConfigureGNSS L#101 

2021-02-18 12:00:42,693 - test_response_interface.py - DEBUG - FUNC_EXIT:   GSMmodule_ConfigureGNSS L#127 Return Code : 0 
FUNC_EXIT:   GSMmodule_Init L#122 Return Code : 0 

2021-02-18 12:00:42,801 - test_response_interface.py - DEBUG - $GNGLL,,,,,235942.869,V,N*68

2021-02-18 12:00:43,620 - test_response_interface.py - DEBUG - $GNGLL,,,,,063042.950,V,N*6B

2021-02-18 12:00:44,536 - test_response_interface.py - DEBUG - $GNGLL,,,,,063043.950,V,N*6A

2021-02-18 12:00:45,658 - test_response_interface.py - DEBUG - $GNGLL,,,,,063044.950,V,N*6D

2021-02-18 12:00:46,574 - test_response_interface.py - DEBUG - $GNGLL,,,,,063045.950,V,N*6C

2021-02-18 12:00:47,495 - test_response_interface.py - DEBUG - DEBUG:   GSMmodule_GsmAppProcess L#208 [#]GPRS CONFIGURED

2021-02-18 12:00:47,603 - test_response_interface.py - DEBUG - $GNGLL,,,,,063046.950,V,N*6F

2021-02-18 12:00:47,809 - test_response_interface.py - DEBUG - DEBUG:   GSMmodule_GsmAppProcess L#231 [#]GPRS ERROR
DEBUG:   GSMmodule_GsmAppProcess L#236 [#]GPRS DEACTIVATING
FUNC_ENTRY:   GSMmodule_DeInit L#133 

2021-02-18 12:00:51,172 - test_response_interface.py - DEBUG - FUNC_EXIT:   GSMmodule_DeInit L#148 Return Code : 0 
FUNC_ENTRY:   GSMmodule_Init L#57 

2021-02-18 12:00:58,084 - test_response_interface.py - DEBUG - DEBUG:   GSMmodule_Init L#73 [#]MODULE CONFIGURED

2021-02-18 12:00:59,107 - test_response_interface.py - DEBUG - DEBUG:   GSMmodule_CheckSim L#161 [#]IMSI: 
404100531844034

OK


2021-02-18 12:00:59,220 - test_response_interface.py - DEBUG - DEBUG:   GSMmodule_CheckSim L#163 [#]CCID: 
8991102005318440342F

OK

FUNC_ENTRY:   GSMmodule_FtpSetUser L#23 
FUNC_EXIT:   GSMmodule_FtpSetUser L#31 Return Code : 0 
FUNC_ENTRY:   GSMmodule_FtpSetPassword L#43 

2021-02-18 12:00:59,332 - test_response_interface.py - DEBUG - FUNC_EXIT:   GSMmodule_FtpSetPassword L#52 Return Code : 0 
FUNC_ENTRY:   GSMmodule_SSLFlashCert L#57 
FUNC_EXIT:   GSMmodule_SSLFlashCert L#88 Return Code : 0 
FUNC_EXIT:   GSMmodule_SSLConfig L#99 

2021-02-18 12:00:59,442 - test_response_interface.py - DEBUG - FUNC_EXIT:   GSMmodule_SSLConfig L#148 Return Code : 0 
FUNC_ENTRY:   GSMmodule_ConfigureGNSS L#101 

2021-02-18 12:01:00,976 - test_response_interface.py - DEBUG - FUNC_EXIT:   GSMmodule_ConfigureGNSS L#127 Return Code : 0 
FUNC_EXIT:   GSMmodule_Init L#122 Return Code : 0 

2021-02-18 12:01:01,085 - test_response_interface.py - DEBUG - $GNGLL,,,,,235942.869,V,N*68

2021-02-18 12:01:01,904 - test_response_interface.py - DEBUG - $GNGLL,,,,,063100.960,V,N*6F

2021-02-18 12:01:03,030 - test_response_interface.py - DEBUG - $GNGLL,,,,,063101.960,V,N*6E

2021-02-18 12:01:03,953 - test_response_interface.py - DEBUG - $GNGLL,,,,,063102.960,V,N*6D

2021-02-18 12:01:04,972 - test_response_interface.py - DEBUG - $GNGLL,,,,,063103.960,V,N*6C

2021-02-18 12:01:05,993 - test_response_interface.py - DEBUG - $GNGLL,,,,,063104.960,V,N*6B

2021-02-18 12:01:06,915 - test_response_interface.py - DEBUG - $GNGLL,,,,,063105.960,V,N*6A

2021-02-18 12:01:07,939 - test_response_interface.py - DEBUG - $GNGLL,,,,,063106.960,V,N*69

2021-02-18 12:01:08,659 - test_response_interface.py - DEBUG - DEBUG:   GSMmodule_GsmAppProcess L#208 [#]GPRS CONFIGURED

2021-02-18 12:01:08,969 - test_response_interface.py - DEBUG - $GNGLL,,,,,063107.960,V,N*68

2021-02-18 12:01:09,175 - test_response_interface.py - DEBUG - DEBUG:   GSMmodule_GsmAppProcess L#231 [#]GPRS ERROR
DEBUG:   GSMmodule_GsmAppProcess L#236 [#]GPRS DEACTIVATING

2021-02-18 12:01:09,280 - test_response_interface.py - DEBUG - FUNC_ENTRY:   GSMmodule_DeInit L#133 

2021-02-18 12:01:12,540 - test_response_interface.py - DEBUG - FUNC_EXIT:   GSMmodule_DeInit L#148 Return Code : 0 
FUNC_ENTRY:   GSMmodule_Init L#57 

2021-02-18 12:01:19,459 - test_response_interface.py - DEBUG - DEBUG:   GSMmodule_Init L#73 [#]MODULE CONFIGURED

2021-02-18 12:01:20,483 - test_response_interface.py - DEBUG - DEBUG:   GSMmodule_CheckSim L#161 [#]IMSI: 
404100531844034

OK

2021-02-18 12:01:20,594 - test_response_interface.py - DEBUG - 
DEBUG:   GSMmodule_CheckSim L#163 [#]CCID: 
8991102005318440342F

OK

FUNC_ENTRY:   GSMmodule_FtpSetUser L#23 
FUNC_EXIT:   GSMmodule_FtpSetUser L#31 Return Code : 0 

2021-02-18 12:01:20,707 - test_response_interface.py - DEBUG - FUNC_ENTRY:   GSMmodule_FtpSetPassword L#43 
FUNC_EXIT:   GSMmodule_FtpSetPassword L#52 Return Code : 0 
FUNC_ENTRY:   GSMmodule_SSLFlashCert L#57 
FUNC_EXIT:   GSMmodule_SSLFlashCert L#88 Return Code : 0 
FUNC_EXIT:   GSMmodule_SSLConfig L#99 

2021-02-18 12:01:20,815 - test_response_interface.py - DEBUG - FUNC_EXIT:   GSMmodule_SSLConfig L#148 Return Code : 0 
FUNC_ENTRY:   GSMmodule_ConfigureGNSS L#101 

2021-02-18 12:01:22,449 - test_response_interface.py - DEBUG - FUNC_EXIT:   GSMmodule_ConfigureGNSS L#127 Return Code : 0 
FUNC_EXIT:   GSMmodule_Init L#122 Return Code : 0 
$GNGLL,,,,,235942.869,V,N*68

2021-02-18 12:01:23,270 - test_response_interface.py - DEBUG - $GNGLL,,,,,063121.960,V,N*6C

2021-02-18 12:01:24,393 - test_response_interface.py - DEBUG - $GNGLL,,,,,063122.960,V,N*6F

2021-02-18 12:01:25,313 - test_response_interface.py - DEBUG - $GNGLL,,,,,063123.960,V,N*6E

2021-02-18 12:01:26,338 - test_response_interface.py - DEBUG - $GNGLL,,,,,063124.960,V,N*69

2021-02-18 12:01:26,956 - test_response_interface.py - DEBUG - DEBUG:   GSMmodule_GsmAppProcess L#208 [#]GPRS CONFIGURED

2021-02-18 12:01:27,271 - test_response_interface.py - DEBUG - DEBUG:   GSMmodule_GsmAppProcess L#231 [#]GPRS ERROR
DEBUG:   GSMmodule_GsmAppProcess L#236 [#]GPRS DEACTIVATING
FUNC_ENTRY:   GSMmodule_DeInit L#133 

2021-02-18 12:01:30,640 - test_response_interface.py - DEBUG - FUNC_EXIT:   GSMmodule_DeInit L#148 Return Code : 0 
FUNC_ENTRY:   GSMmodule_Init L#57 

2021-02-18 12:01:37,557 - test_response_interface.py - DEBUG - DEBUG:   GSMmodule_Init L#73 [#]MODULE CONFIGURED

2021-02-18 12:01:38,578 - test_response_interface.py - DEBUG - DEBUG:   GSMmodule_CheckSim L#161 [#]IMSI: 
404100531844034

OK

DEBUG:   GSMmodule_CheckSim L#163 [#]CCID: 
8991102005318440342F

2021-02-18 12:01:38,695 - test_response_interface.py - DEBUG - 
OK

FUNC_ENTRY:   GSMmodule_FtpSetUser L#23 
FUNC_EXIT:   GSMmodule_FtpSetUser L#31 Return Code : 0 
FUNC_ENTRY:   GSMmodule_FtpSetPassword L#43 
FUNC_EXIT:   GSMmodule_FtpSetPassword L#52 Return Code : 0 
FUNC_ENTRY:   GSMmodule_SSLFlashCert L#57 

2021-02-18 12:01:38,802 - test_response_interface.py - DEBUG - FUNC_EXIT:   GSMmodule_SSLFlashCert L#88 Return Code : 0 
FUNC_EXIT:   GSMmodule_SSLConfig L#99 

2021-02-18 12:01:38,907 - test_response_interface.py - DEBUG - FUNC_EXIT:   GSMmodule_SSLConfig L#148 Return Code : 0 
FUNC_ENTRY:   GSMmodule_ConfigureGNSS L#101 

2021-02-18 12:01:40,442 - test_response_interface.py - DEBUG - FUNC_EXIT:   GSMmodule_ConfigureGNSS L#127 Return Code : 0 
FUNC_EXIT:   GSMmodule_Init L#122 Return Code : 0 

2021-02-18 12:01:40,549 - test_response_interface.py - DEBUG - $GNGLL,,,,,235942.869,V,N*68

2021-02-18 12:01:41,466 - test_response_interface.py - DEBUG - $GNGLL,,,,,063140.950,V,N*68

2021-02-18 12:01:42,392 - test_response_interface.py - DEBUG - $GNGLL,,,,,063141.950,V,N*69

2021-02-18 12:01:43,417 - test_response_interface.py - DEBUG - $GNGLL,,,,,063142.950,V,N*6A

2021-02-18 12:01:44,437 - test_response_interface.py - DEBUG - $GNGLL,,,,,063143.950,V,N*6B

2021-02-18 12:01:45,457 - test_response_interface.py - DEBUG - $GNGLL,,,,,063144.950,V,N*6C

2021-02-18 12:01:45,968 - test_response_interface.py - DEBUG - DEBUG:   GSMmodule_GsmAppProcess L#208 [#]GPRS CONFIGURED

2021-02-18 12:01:46,381 - test_response_interface.py - DEBUG - $GNGLL,,,,,063145.950,V,N*6D

2021-02-18 12:01:46,492 - test_response_interface.py - DEBUG - DEBUG:   GSMmodule_GsmAppProcess L#231 [#]GPRS ERROR
DEBUG:   GSMmodule_GsmAppProcess L#236 [#]GPRS DEACTIVATING
FUNC_ENTRY:   GSMmodule_DeInit L#133 

2021-02-18 12:01:49,855 - test_response_interface.py - DEBUG - FUNC_EXIT:   GSMmodule_DeInit L#148 Return Code : 0 
FUNC_ENTRY:   GSMmodule_Init L#57 

2021-02-18 12:01:56,674 - test_response_interface.py - DEBUG - DEBUG:   GSMmodule_Init L#73 [#]MODULE CONFIGURED

2021-02-18 12:01:57,700 - test_response_interface.py - DEBUG - DEBUG:   GSMmodule_CheckSim L#161 [#]IMSI: 

2021-02-18 12:01:57,809 - test_response_interface.py - DEBUG - 404100531844034

OK

DEBUG:   GSMmodule_CheckSim L#163 [#]CCID: 
8991102005318440342F

OK


2021-02-18 12:01:57,923 - test_response_interface.py - DEBUG - FUNC_ENTRY:   GSMmodule_FtpSetUser L#23 
FUNC_EXIT:   GSMmodule_FtpSetUser L#31 Return Code : 0 
FUNC_ENTRY:   GSMmodule_FtpSetPassword L#43 
FUNC_EXIT:   GSMmodule_FtpSetPassword L#52 Return Code : 0 
FUNC_ENTRY:   GSMmodule_SSLFlashCert L#57 
FUNC_EXIT:   GSMmodule_SSLFlashCert L#88 Return Code : 0 

2021-02-18 12:01:58,032 - test_response_interface.py - DEBUG - FUNC_EXIT:   GSMmodule_SSLConfig L#99 
FUNC_EXIT:   GSMmodule_SSLConfig L#148 Return Code : 0 

2021-02-18 12:01:58,139 - test_response_interface.py - DEBUG - FUNC_ENTRY:   GSMmodule_ConfigureGNSS L#101 

2021-02-18 12:01:59,671 - test_response_interface.py - DEBUG - FUNC_EXIT:   GSMmodule_ConfigureGNSS L#127 Return Code : 0 
FUNC_EXIT:   GSMmodule_Init L#122 Return Code : 0 

2021-02-18 12:01:59,779 - test_response_interface.py - DEBUG - $GNGLL,,,,,235942.869,V,N*68

2021-02-18 12:02:00,600 - test_response_interface.py - DEBUG - $GNGLL,,,,,063159.950,V,N*60

2021-02-18 12:02:01,518 - test_response_interface.py - DEBUG - $GNGLL,,,,,063200.950,V,N*6F

2021-02-18 12:02:02,614 - test_response_interface.py - DEBUG - $GNGLL,,,,,063201.950,V,N*6E

2021-02-18 12:02:03,634 - test_response_interface.py - DEBUG - $GNGLL,,,,,063202.950,V,N*6D

2021-02-18 12:02:04,558 - test_response_interface.py - DEBUG - $GNGLL,,,,,063203.950,V,N*6C

2021-02-18 12:02:05,582 - test_response_interface.py - DEBUG - $GNGLL,,,,,063204.950,V,N*6B

2021-02-18 12:02:05,996 - test_response_interface.py - DEBUG - DEBUG:   GSMmodule_GsmAppProcess L#208 [#]GPRS CONFIGURED

2021-02-18 12:02:06,307 - test_response_interface.py - DEBUG - DEBUG:   GSMmodule_GsmAppProcess L#231 [#]GPRS ERROR
DEBUG:   GSMmodule_GsmAppProcess L#236 [#]GPRS DEACTIVATING
FUNC_ENTRY:   GSMmodule_DeInit L#133 

2021-02-18 12:02:09,658 - test_response_interface.py - DEBUG - FUNC_EXIT:   GSMmodule_DeInit L#148 Return Code : 0 
FUNC_ENTRY:   GSMmodule_Init L#57 

2021-02-18 12:02:16,579 - test_response_interface.py - DEBUG - DEBUG:   GSMmodule_Init L#73 [#]MODULE CONFIGURED

2021-02-18 12:02:17,604 - test_response_interface.py - DEBUG - DEBUG:   GSMmodule_CheckSim L#161 [#]IMSI: 
404100531844034

OK

2021-02-18 12:02:17,722 - test_response_interface.py - DEBUG - 
DEBUG:   GSMmodule_CheckSim L#163 [#]CCID: 
8991102005318440342F

OK

FUNC_ENTRY:   GSMmodule_FtpSetUser L#23 
FUNC_EXIT:   GSMmodule_FtpSetUser L#31 Return Code : 0 

2021-02-18 12:02:17,832 - test_response_interface.py - DEBUG - FUNC_ENTRY:   GSMmodule_FtpSetPassword L#43 
FUNC_EXIT:   GSMmodule_FtpSetPassword L#52 Return Code : 0 
FUNC_ENTRY:   GSMmodule_SSLFlashCert L#57 
FUNC_EXIT:   GSMmodule_SSLFlashCert L#88 Return Code : 0 
FUNC_EXIT:   GSMmodule_SSLConfig L#99 

2021-02-18 12:02:17,942 - test_response_interface.py - DEBUG - FUNC_EXIT:   GSMmodule_SSLConfig L#148 Return Code : 0 
FUNC_ENTRY:   GSMmodule_ConfigureGNSS L#101 

2021-02-18 12:02:19,476 - test_response_interface.py - DEBUG - FUNC_EXIT:   GSMmodule_ConfigureGNSS L#127 Return Code : 0 

2021-02-18 12:02:19,587 - test_response_interface.py - DEBUG - FUNC_EXIT:   GSMmodule_Init L#122 Return Code : 0 
$GNGLL,,,,,235942.869,V,N*68

2021-02-18 12:02:20,510 - test_response_interface.py - DEBUG - $GNGLL,,,,,063219.960,V,N*64

2021-02-18 12:02:21,433 - test_response_interface.py - DEBUG - $GNGLL,,,,,063220.960,V,N*6E

2021-02-18 12:02:22,460 - test_response_interface.py - DEBUG - $GNGLL,,,,,063221.960,V,N*6F

2021-02-18 12:02:23,485 - test_response_interface.py - DEBUG - $GNGLL,,,,,063222.960,V,N*6C

2021-02-18 12:02:24,503 - test_response_interface.py - DEBUG - $GNGLL,,,,,063223.960,V,N*6D

2021-02-18 12:02:25,018 - test_response_interface.py - DEBUG - DEBUG:   GSMmodule_GsmAppProcess L#208 [#]GPRS CONFIGURED

2021-02-18 12:02:25,435 - test_response_interface.py - DEBUG - DEBUG:   GSMmodule_GsmAppProcess L#231 [#]GPRS ERROR
DEBUG:   GSMmodule_GsmAppProcess L#236 [#]GPRS DEACTIVATING
FUNC_ENTRY:   GSMmodule_DeInit L#133 
$GNGLL,,,,,063224.960,V,N*6A

2021-02-18 12:02:28,800 - test_response_interface.py - DEBUG - FUNC_EXIT:   GSMmodule_DeInit L#148 Return Code : 0 
FUNC_ENTRY:   GSMmodule_Init L#57 

2021-02-18 12:02:35,619 - test_response_interface.py - DEBUG - DEBUG:   GSMmodule_Init L#73 [#]MODULE CONFIGURED

2021-02-18 12:02:36,643 - test_response_interface.py - DEBUG - DEBUG:   GSMmodule_CheckSim L#161 [#]IMSI: 

2021-02-18 12:02:36,753 - test_response_interface.py - DEBUG - 404100531844034

OK

DEBUG:   GSMmodule_CheckSim L#163 [#]CCID: 
8991102005318440342F

OK


2021-02-18 12:02:36,870 - test_response_interface.py - DEBUG - FUNC_ENTRY:   GSMmodule_FtpSetUser L#23 
FUNC_EXIT:   GSMmodule_FtpSetUser L#31 Return Code : 0 
FUNC_ENTRY:   GSMmodule_FtpSetPassword L#43 
FUNC_EXIT:   GSMmodule_FtpSetPassword L#52 Return Code : 0 
FUNC_ENTRY:   GSMmodule_SSLFlashCert L#57 
FUNC_EXIT:   GSMmodule_SSLFlashCert L#88 Return Code : 0 

2021-02-18 12:02:36,980 - test_response_interface.py - DEBUG - FUNC_EXIT:   GSMmodule_SSLConfig L#99 
FUNC_EXIT:   GSMmodule_SSLConfig L#148 Return Code : 0 

2021-02-18 12:02:37,089 - test_response_interface.py - DEBUG - FUNC_ENTRY:   GSMmodule_ConfigureGNSS L#101 

2021-02-18 12:02:38,622 - test_response_interface.py - DEBUG - FUNC_EXIT:   GSMmodule_ConfigureGNSS L#127 Return Code : 0 
FUNC_EXIT:   GSMmodule_Init L#122 Return Code : 0 
$GNGLL,,,,,235942.869,V,N*68

2021-02-18 12:02:39,538 - test_response_interface.py - DEBUG - $GNGLL,,,,,063238.950,V,N*64

2021-02-18 12:02:40,561 - test_response_interface.py - DEBUG - $GNGLL,,,,,063239.950,V,N*65

2021-02-18 12:02:41,582 - test_response_interface.py - DEBUG - $GNGLL,,,,,063240.950,V,N*6B

2021-02-18 12:02:42,504 - test_response_interface.py - DEBUG - $GNGLL,,,,,063241.950,V,N*6A

2021-02-18 12:02:43,531 - test_response_interface.py - DEBUG - $GNGLL,,,,,063242.950,V,N*69

2021-02-18 12:02:44,555 - test_response_interface.py - DEBUG - $GNGLL,,,,,063243.950,V,N*68

2021-02-18 12:02:45,580 - test_response_interface.py - DEBUG - $GNGLL,,,,,063244.950,V,N*6F
DEBUG:   GSMmodule_GsmAppProcess L#208 [#]GPRS CONFIGURED

2021-02-18 12:02:45,895 - test_response_interface.py - DEBUG - DEBUG:   GSMmodule_GsmAppProcess L#231 [#]GPRS ERROR
DEBUG:   GSMmodule_GsmAppProcess L#236 [#]GPRS DEACTIVATING

2021-02-18 12:02:46,001 - test_response_interface.py - DEBUG - FUNC_ENTRY:   GSMmodule_DeInit L#133 

2021-02-18 12:02:49,258 - test_response_interface.py - DEBUG - FUNC_EXIT:   GSMmodule_DeInit L#148 Return Code : 0 
FUNC_ENTRY:   GSMmodule_Init L#57 

2021-02-18 12:02:56,179 - test_response_interface.py - DEBUG - DEBUG:   GSMmodule_Init L#73 [#]MODULE CONFIGURED

2021-02-18 12:02:57,206 - test_response_interface.py - DEBUG - DEBUG:   GSMmodule_CheckSim L#161 [#]IMSI: 
404100531844034

OK

2021-02-18 12:02:57,316 - test_response_interface.py - DEBUG - 
DEBUG:   GSMmodule_CheckSim L#163 [#]CCID: 
8991102005318440342F

OK

FUNC_ENTRY:   GSMmodule_FtpSetUser L#23 
FUNC_EXIT:   GSMmodule_FtpSetUser L#31 Return Code : 0 

2021-02-18 12:02:57,430 - test_response_interface.py - DEBUG - FUNC_ENTRY:   GSMmodule_FtpSetPassword L#43 
FUNC_EXIT:   GSMmodule_FtpSetPassword L#52 Return Code : 0 
FUNC_ENTRY:   GSMmodule_SSLFlashCert L#57 
FUNC_EXIT:   GSMmodule_SSLFlashCert L#88 Return Code : 0 
FUNC_EXIT:   GSMmodule_SSLConfig L#99 

2021-02-18 12:02:57,540 - test_response_interface.py - DEBUG - FUNC_EXIT:   GSMmodule_SSLConfig L#148 Return Code : 0 
FUNC_ENTRY:   GSMmodule_ConfigureGNSS L#101 

2021-02-18 12:02:59,068 - test_response_interface.py - DEBUG - FUNC_EXIT:   GSMmodule_ConfigureGNSS L#127 Return Code : 0 

2021-02-18 12:02:59,175 - test_response_interface.py - DEBUG - FUNC_EXIT:   GSMmodule_Init L#122 Return Code : 0 
$GNGLL,,,,,235942.869,V,N*68

2021-02-18 12:02:59,994 - test_response_interface.py - DEBUG - $GNGLL,,,,,063258.960,V,N*61

2021-02-18 12:03:01,120 - test_response_interface.py - DEBUG - $GNGLL,,,,,063259.960,V,N*60

2021-02-18 12:03:02,041 - test_response_interface.py - DEBUG - $GNGLL,,,,,063300.960,V,N*6D

2021-02-18 12:03:03,065 - test_response_interface.py - DEBUG - $GNGLL,,,,,063301.960,V,N*6C

2021-02-18 12:03:04,087 - test_response_interface.py - DEBUG - $GNGLL,,,,,063302.960,V,N*6F

2021-02-18 12:03:04,805 - test_response_interface.py - DEBUG - DEBUG:   GSMmodule_GsmAppProcess L#208 [#]GPRS CONFIGURED

2021-02-18 12:03:05,117 - test_response_interface.py - DEBUG - $GNGLL,,,,,063303.960,V,N*6E

2021-02-18 12:03:05,229 - test_response_interface.py - DEBUG - DEBUG:   GSMmodule_GsmAppProcess L#231 [#]GPRS ERROR
DEBUG:   GSMmodule_GsmAppProcess L#236 [#]GPRS DEACTIVATING
FUNC_ENTRY:   GSMmodule_DeInit L#133 

2021-02-18 12:03:08,594 - test_response_interface.py - DEBUG - FUNC_EXIT:   GSMmodule_DeInit L#148 Return Code : 0 
FUNC_ENTRY:   GSMmodule_Init L#57 

2021-02-18 12:03:15,516 - test_response_interface.py - DEBUG - DEBUG:   GSMmodule_Init L#73 [#]MODULE CONFIGURED

2021-02-18 12:03:15,728 - test_response_interface.py - DEBUG - DEBUG:   HAL_GPIO_EXTI_Callback L#56 0x1

2021-02-18 12:03:16,543 - test_response_interface.py - DEBUG - DEBUG:   GSMmodule_CheckSim L#161 [#]IMSI: 
404100531844034

OK


2021-02-18 12:03:16,652 - test_response_interface.py - DEBUG - DEBUG:   GSMmodule_CheckSim L#163 [#]CCID: 
8991102005318440342F

OK

FUNC_ENTRY:   GSMmodule_FtpSetUser L#23 
FUNC_EXIT:   GSMmodule_FtpSetUser L#31 Return Code : 0 
FUNC_ENTRY:   GSMmodule_FtpSetPassword L#43 

2021-02-18 12:03:16,762 - test_response_interface.py - DEBUG - FUNC_EXIT:   GSMmodule_FtpSetPassword L#52 Return Code : 0 
FUNC_ENTRY:   GSMmodule_SSLFlashCert L#57 
FUNC_EXIT:   GSMmodule_SSLFlashCert L#88 Return Code : 0 
FUNC_EXIT:   GSMmodule_SSLConfig L#99 

2021-02-18 12:03:16,869 - test_response_interface.py - DEBUG - FUNC_EXIT:   GSMmodule_SSLConfig L#148 Return Code : 0 
FUNC_ENTRY:   GSMmodule_ConfigureGNSS L#101 

2021-02-18 12:03:18,403 - test_response_interface.py - DEBUG - FUNC_EXIT:   GSMmodule_ConfigureGNSS L#127 Return Code : 0 

2021-02-18 12:03:18,512 - test_response_interface.py - DEBUG - FUNC_EXIT:   GSMmodule_Init L#122 Return Code : 0 

2021-02-18 12:03:18,620 - test_response_interface.py - DEBUG - $GNGLL,,,,,235942.869,V,N*68

2021-02-18 12:03:19,443 - test_response_interface.py - DEBUG - $GNGLL,,,,,063317.950,V,N*68

2021-02-18 12:03:20,365 - test_response_interface.py - DEBUG - $GNGLL,,,,,063318.950,V,N*67

2021-02-18 12:03:21,389 - test_response_interface.py - DEBUG - $GNGLL,,,,,063319.950,V,N*66

2021-02-18 12:03:22,412 - test_response_interface.py - DEBUG - $GNGLL,,,,,063320.950,V,N*6C

2021-02-18 12:03:23,432 - test_response_interface.py - DEBUG - $GNGLL,,,,,063321.950,V,N*6D

2021-02-18 12:03:24,449 - test_response_interface.py - DEBUG - $GNGLL,,,,,063322.950,V,N*6E

2021-02-18 12:03:25,269 - test_response_interface.py - DEBUG - DEBUG:   GSMmodule_GsmAppProcess L#208 [#]GPRS CONFIGURED

2021-02-18 12:03:25,375 - test_response_interface.py - DEBUG - $GNGLL,,,,,063323.950,V,N*6F

2021-02-18 12:03:25,797 - test_response_interface.py - DEBUG - DEBUG:   GSMmodule_GsmAppProcess L#231 [#]GPRS ERROR
DEBUG:   GSMmodule_GsmAppProcess L#236 [#]GPRS DEACTIVATING
FUNC_ENTRY:   GSMmodule_DeInit L#133 

2021-02-18 12:03:29,161 - test_response_interface.py - DEBUG - FUNC_EXIT:   GSMmodule_DeInit L#148 Return Code : 0 
FUNC_ENTRY:   GSMmodule_Init L#57 

2021-02-18 12:03:36,079 - test_response_interface.py - DEBUG - DEBUG:   GSMmodule_Init L#73 [#]MODULE CONFIGURED

2021-02-18 12:03:37,104 - test_response_interface.py - DEBUG - DEBUG:   GSMmodule_CheckSim L#161 [#]IMSI: 
404100531844034

OK


2021-02-18 12:03:37,216 - test_response_interface.py - DEBUG - DEBUG:   GSMmodule_CheckSim L#163 [#]CCID: 
8991102005318440342F

OK

FUNC_ENTRY:   GSMmodule_FtpSetUser L#23 
FUNC_EXIT:   GSMmodule_FtpSetUser L#31 Return Code : 0 
FUNC_ENTRY:   GSMmodule_FtpSetPassword L#43 

2021-02-18 12:03:37,329 - test_response_interface.py - DEBUG - FUNC_EXIT:   GSMmodule_FtpSetPassword L#52 Return Code : 0 
FUNC_ENTRY:   GSMmodule_SSLFlashCert L#57 
FUNC_EXIT:   GSMmodule_SSLFlashCert L#88 Return Code : 0 
FUNC_EXIT:   GSMmodule_SSLConfig L#99 

2021-02-18 12:03:37,438 - test_response_interface.py - DEBUG - FUNC_EXIT:   GSMmodule_SSLConfig L#148 Return Code : 0 
FUNC_ENTRY:   GSMmodule_ConfigureGNSS L#101 

2021-02-18 12:03:38,968 - test_response_interface.py - DEBUG - FUNC_EXIT:   GSMmodule_ConfigureGNSS L#127 Return Code : 0 
FUNC_EXIT:   GSMmodule_Init L#122 Return Code : 0 

2021-02-18 12:03:39,074 - test_response_interface.py - DEBUG - $GNGLL,,,,,235942.869,V,N*68

2021-02-18 12:03:39,893 - test_response_interface.py - DEBUG - $GNGLL,,,,,063338.960,V,N*66

2021-02-18 12:03:40,916 - test_response_interface.py - DEBUG - $GNGLL,,,,,063339.960,V,N*67

2021-02-18 12:03:41,940 - test_response_interface.py - DEBUG - $GNGLL,,,,,063340.960,V,N*69

2021-02-18 12:03:42,965 - test_response_interface.py - DEBUG - $GNGLL,,,,,063341.960,V,N*68

2021-02-18 12:03:43,986 - test_response_interface.py - DEBUG - $GNGLL,,,,,063342.960,V,N*6B

2021-02-18 12:03:45,006 - test_response_interface.py - DEBUG - $GNGLL,,,,,063343.960,V,N*6A

2021-02-18 12:03:45,421 - test_response_interface.py - DEBUG - DEBUG:   GSMmodule_GsmAppProcess L#208 [#]GPRS CONFIGURED

2021-02-18 12:03:45,836 - test_response_interface.py - DEBUG - DEBUG:   GSMmodule_GsmAppProcess L#231 [#]GPRS ERROR

2021-02-18 12:03:45,947 - test_response_interface.py - DEBUG - DEBUG:   GSMmodule_GsmAppProcess L#236 [#]GPRS DEACTIVATING
FUNC_ENTRY:   GSMmodule_DeInit L#133 
$GNGLL,,,,,063344.960,V,N*6D

2021-02-18 12:03:49,213 - test_response_interface.py - DEBUG - FUNC_EXIT:   GSMmodule_DeInit L#148 Return Code : 0 
FUNC_ENTRY:   GSMmodule_Init L#57 

2021-02-18 12:03:56,128 - test_response_interface.py - DEBUG - DEBUG:   GSMmodule_Init L#73 [#]MODULE CONFIGURED

2021-02-18 12:03:57,151 - test_response_interface.py - DEBUG - DEBUG:   GSMmodule_CheckSim L#161 [#]IMSI: 
404100531844034


2021-02-18 12:03:57,264 - test_response_interface.py - DEBUG - OK

DEBUG:   GSMmodule_CheckSim L#163 [#]CCID: 
8991102005318440342F

OK

FUNC_ENTRY:   GSMmodule_FtpSetUser L#23 
FUNC_EXIT:   GSMmodule_FtpSetUser L#31 Return Code : 0 

2021-02-18 12:03:57,376 - test_response_interface.py - DEBUG - FUNC_ENTRY:   GSMmodule_FtpSetPassword L#43 
FUNC_EXIT:   GSMmodule_FtpSetPassword L#52 Return Code : 0 
FUNC_ENTRY:   GSMmodule_SSLFlashCert L#57 
FUNC_EXIT:   GSMmodule_SSLFlashCert L#88 Return Code : 0 
FUNC_EXIT:   GSMmodule_SSLConfig L#99 

2021-02-18 12:03:57,488 - test_response_interface.py - DEBUG - FUNC_EXIT:   GSMmodule_SSLConfig L#148 Return Code : 0 
FUNC_ENTRY:   GSMmodule_ConfigureGNSS L#101 

2021-02-18 12:03:59,122 - test_response_interface.py - DEBUG - FUNC_EXIT:   GSMmodule_ConfigureGNSS L#127 Return Code : 0 
FUNC_EXIT:   GSMmodule_Init L#122 Return Code : 0 
$GNGLL,,,,,235942.869,V,N*68

2021-02-18 12:03:59,939 - test_response_interface.py - DEBUG - $GNGLL,,,,,063358.960,V,N*60

2021-02-18 12:04:01,068 - test_response_interface.py - DEBUG - $GNGLL,,,,,063359.960,V,N*61

2021-02-18 12:04:01,986 - test_response_interface.py - DEBUG - $GNGLL,,,,,063400.960,V,N*6A

2021-02-18 12:04:03,010 - test_response_interface.py - DEBUG - $GNGLL,,,,,063401.960,V,N*6B

2021-02-18 12:04:04,032 - test_response_interface.py - DEBUG - $GNGLL,,,,,063402.960,V,N*68

2021-02-18 12:04:04,447 - test_response_interface.py - DEBUG - DEBUG:   GSMmodule_GsmAppProcess L#208 [#]GPRS CONFIGURED

2021-02-18 12:04:04,761 - test_response_interface.py - DEBUG - DEBUG:   GSMmodule_GsmAppProcess L#231 [#]GPRS ERROR
DEBUG:   GSMmodule_GsmAppProcess L#236 [#]GPRS DEACTIVATING
FUNC_ENTRY:   GSMmodule_DeInit L#133 

2021-02-18 12:04:08,121 - test_response_interface.py - DEBUG - FUNC_EXIT:   GSMmodule_DeInit L#148 Return Code : 0 
FUNC_ENTRY:   GSMmodule_Init L#57 

2021-02-18 12:04:15,340 - test_response_interface.py - DEBUG - DEBUG:   GSMmodule_Init L#73 [#]MODULE CONFIGURED

2021-02-18 12:04:16,361 - test_response_interface.py - DEBUG - DEBUG:   GSMmodule_CheckSim L#161 [#]IMSI: 
404100531844034

OK

2021-02-18 12:04:16,474 - test_response_interface.py - DEBUG - 
DEBUG:   GSMmodule_CheckSim L#163 [#]CCID: 
8991102005318440342F

OK

FUNC_ENTRY:   GSMmodule_FtpSetUser L#23 
FUNC_EXIT:   GSMmodule_FtpSetUser L#31 Return Code : 0 

2021-02-18 12:04:16,590 - test_response_interface.py - DEBUG - FUNC_ENTRY:   GSMmodule_FtpSetPassword L#43 
FUNC_EXIT:   GSMmodule_FtpSetPassword L#52 Return Code : 0 
FUNC_ENTRY:   GSMmodule_SSLFlashCert L#57 
FUNC_EXIT:   GSMmodule_SSLFlashCert L#88 Return Code : 0 
FUNC_EXIT:   GSMmodule_SSLConfig L#99 

2021-02-18 12:04:16,707 - test_response_interface.py - DEBUG - FUNC_EXIT:   GSMmodule_SSLConfig L#148 Return Code : 0 
FUNC_ENTRY:   GSMmodule_ConfigureGNSS L#101 

2021-02-18 12:04:18,241 - test_response_interface.py - DEBUG - FUNC_EXIT:   GSMmodule_ConfigureGNSS L#127 Return Code : 0 

2021-02-18 12:04:18,346 - test_response_interface.py - DEBUG - FUNC_EXIT:   GSMmodule_Init L#122 Return Code : 0 
$GNGLL,,,,,235942.869,V,N*68

2021-02-18 12:04:19,166 - test_response_interface.py - DEBUG - $GNGLL,,,,,063417.950,V,N*6F

2021-02-18 12:04:20,295 - test_response_interface.py - DEBUG - $GNGLL,,,,,063418.950,V,N*60

2021-02-18 12:04:21,214 - test_response_interface.py - DEBUG - $GNGLL,,,,,063419.950,V,N*61

2021-02-18 12:04:22,144 - test_response_interface.py - DEBUG - DEBUG:   HAL_GPIO_EXTI_Callback L#56 0x4

2021-02-18 12:04:22,248 - test_response_interface.py - DEBUG - DEBUG:   VEHICLE_FsmProcess L#141 [*]VEHICLE_WAKEUP
$GNGLL,,,,,063420.950,V,N*6B

2021-02-18 12:04:22,374 - test_response_interface.py - DEBUG - DEBUG:   VEHICLE_FsmProcess L#165 [*]VEHICLE_UNLOCK

TEMPLATE - initialization
DEBUG:   vMiscTaskFunction L#99 [*]Sending Unlock Signal to Gsm Module Task

2021-02-18 12:04:22,483 - test_response_interface.py - DEBUG - FUNC_ENTRY:   UFFS_Fsize L#552 
FUNC_EXIT:   UFFS_Fsize L#565 Return Code : 169705 
FUNC_ENTRY:   UFFS_Fopen L#395 
FUNC_EXIT:   UFFS_Fopen L#402 Return Code : 0 
DEBUG:   vDatalogTaskFunction L#37 [*]Starting Data  Logging
DEBUG:   vGsmTaskFunction L#55 [#]Waking Up the Gsm Module
DEBUG:   VEHICLE_FsmProcess L#206 [*]VEHICLE_UNLOCKED
FUNC_ENTRY:   GSMmodule_Init L#57 

2021-02-18 12:04:24,211 - test_response_interface.py - DEBUG - $GNGLL,,,,,063422.950,V,N*69

2021-02-18 12:04:25,234 - test_response_interface.py - DEBUG - $GNGLL,,,,,063423.950,V,N*68

2021-02-18 12:04:26,260 - test_response_interface.py - DEBUG - $GNGLL,,,,,063424.950,V,N*6F

2021-02-18 12:04:27,182 - test_response_interface.py - DEBUG - $GNGLL,,,,,063425.950,V,N*6E

2021-02-18 12:04:30,543 - test_response_interface.py - DEBUG - DEBUG:   GSMmodule_Init L#73 [#]MODULE CONFIGURED

2021-02-18 12:04:31,567 - test_response_interface.py - DEBUG - DEBUG:   GSMmodule_CheckSim L#161 [#]IMSI: AT+CIMI
404100531844034

OK


2021-02-18 12:04:31,678 - test_response_interface.py - DEBUG - DEBUG:   GSMmodule_CheckSim L#163 [#]CCID: AT+QCCID
8991102005318440342F

OK

FUNC_ENTRY:   GSMmodule_FtpSetUser L#23 

2021-02-18 12:04:31,794 - test_response_interface.py - DEBUG - FUNC_EXIT:   GSMmodule_FtpSetUser L#31 Return Code : 0 
FUNC_ENTRY:   GSMmodule_FtpSetPassword L#43 
FUNC_EXIT:   GSMmodule_FtpSetPassword L#52 Return Code : 0 
FUNC_ENTRY:   GSMmodule_SSLFlashCert L#57 

2021-02-18 12:04:31,905 - test_response_interface.py - DEBUG - FUNC_EXIT:   GSMmodule_SSLFlashCert L#88 Return Code : 0 
FUNC_EXIT:   GSMmodule_SSLConfig L#99 

2021-02-18 12:04:32,013 - test_response_interface.py - DEBUG - FUNC_EXIT:   GSMmodule_SSLConfig L#148 Return Code : 0 

2021-02-18 12:04:32,121 - test_response_interface.py - DEBUG - FUNC_ENTRY:   GSMmodule_ConfigureGNSS L#101 

2021-02-18 12:04:33,650 - test_response_interface.py - DEBUG - FUNC_EXIT:   GSMmodule_ConfigureGNSS L#127 Return Code : 0 

2021-02-18 12:04:33,760 - test_response_interface.py - DEBUG - FUNC_EXIT:   GSMmodule_Init L#122 Return Code : 0 
$GNGLL,,,,,235942.869,V,N*68

2021-02-18 12:04:34,682 - test_response_interface.py - DEBUG - $GNGLL,,,,,063432.960,V,N*6B

2021-02-18 12:04:35,603 - test_response_interface.py - DEBUG - $GNGLL,,,,,063433.960,V,N*6A

2021-02-18 12:04:36,622 - test_response_interface.py - DEBUG - $GNGLL,,,,,063434.960,V,N*6D

2021-02-18 12:04:37,241 - test_response_interface.py - DEBUG - DEBUG:   HAL_GPIO_EXTI_Callback L#56 0x4
DEBUG:   HAL_GPIO_EXTI_Callback L#105 [*]KEY LOCK CALLBACK
DEBUG:   VEHICLE_FsmProcess L#237 [*]VEHICLE LOCKED
DEBUG:   VEHICLE_FsmProcess L#244 [*]VEHICLE GOING TO SLEEP

2021-02-18 12:04:37,660 - test_response_interface.py - DEBUG - $GNGLL,,,,,063435.960,V,N*6C
DEBUG:   vMiscTaskFunction L#44 [*]Sending Lock Signal
DEBUG:   vMiscTaskFunction L#64 [*]Sending Sleep Signal to GSM Module Task
DEBUG:   vGsmTaskFunction L#36 [#]Gsm Module Going to Power Saving Mode

2021-02-18 12:04:37,771 - test_response_interface.py - DEBUG - DEBUG:   vGsmTaskFunction L#45 [#]Date: 21/2/18 Time: 12:4:37
FUNC_ENTRY:   GSMmodule_DeInit L#133 

2021-02-18 12:04:38,186 - test_response_interface.py - DEBUG - FUNC_ENTRY:   UFFS_Fclose L#416 
FUNC_EXIT:   UFFS_Fclose L#422 Return Code : 0 

2021-02-18 12:04:41,037 - test_response_interface.py - DEBUG - FUNC_EXIT:   GSMmodule_DeInit L#148 Return Code : 0 

2021-02-18 12:04:49,783 - test_response_interface.py - DEBUG - DEBUG:   HAL_GPIO_EXTI_Callback L#56 0x4

2021-02-18 12:04:49,894 - test_response_interface.py - DEBUG - DEBUG:   VEHICLE_FsmProcess L#141 [*]VEHICLE_WAKEUP
DEBUG:   VEHICLE_FsmProcess L#165 [*]VEHICLE_UNLOCK


2021-02-18 12:04:50,005 - test_response_interface.py - DEBUG - TEMPLATE - initialization
DEBUG:   vMiscTaskFunction L#99 [*]Sending Unlock Signal to Gsm Module Task
DEBUG:   vGsmTaskFunction L#55 [#]Waking Up the Gsm Module
FUNC_ENTRY:   GSMmodule_Init L#57 

2021-02-18 12:04:50,116 - test_response_interface.py - DEBUG - DEBUG:   VEHICLE_FsmProcess L#206 [*]VEHICLE_UNLOCKED

2021-02-18 12:04:50,230 - test_response_interface.py - DEBUG - FUNC_ENTRY:   UFFS_Fsize L#552 
FUNC_EXIT:   UFFS_Fsize L#565 Return Code : 171325 
FUNC_ENTRY:   UFFS_Fopen L#395 
FUNC_EXIT:   UFFS_Fopen L#402 Return Code : 0 
DEBUG:   vDatalogTaskFunction L#37 [*]Starting Data  Logging

2021-02-18 12:04:57,250 - test_response_interface.py - DEBUG - DEBUG:   GSMmodule_Init L#73 [#]MODULE CONFIGURED

2021-02-18 12:04:59,290 - test_response_interface.py - DEBUG - DEBUG:   GSMmodule_CheckSim L#161 [#]IMSI: AT+CIMI
404100531844034

OK


2021-02-18 12:04:59,398 - test_response_interface.py - DEBUG - DEBUG:   GSMmodule_CheckSim L#163 [#]CCID: AT+QCCID
8991102005318440342F

OK

FUNC_ENTRY:   GSMmodule_FtpSetUser L#23 

2021-02-18 12:04:59,508 - test_response_interface.py - DEBUG - FUNC_EXIT:   GSMmodule_FtpSetUser L#31 Return Code : 0 
FUNC_ENTRY:   GSMmodule_FtpSetPassword L#43 
FUNC_EXIT:   GSMmodule_FtpSetPassword L#52 Return Code : 0 
FUNC_ENTRY:   GSMmodule_SSLFlashCert L#57 

2021-02-18 12:04:59,615 - test_response_interface.py - DEBUG - FUNC_EXIT:   GSMmodule_SSLFlashCert L#88 Return Code : 0 
FUNC_EXIT:   GSMmodule_SSLConfig L#99 

2021-02-18 12:04:59,723 - test_response_interface.py - DEBUG - FUNC_EXIT:   GSMmodule_SSLConfig L#148 Return Code : 0 

2021-02-18 12:04:59,832 - test_response_interface.py - DEBUG - FUNC_ENTRY:   GSMmodule_ConfigureGNSS L#101 

2021-02-18 12:05:01,362 - test_response_interface.py - DEBUG - FUNC_EXIT:   GSMmodule_ConfigureGNSS L#127 Return Code : 0 
FUNC_EXIT:   GSMmodule_Init L#122 Return Code : 0 

2021-02-18 12:05:01,470 - test_response_interface.py - DEBUG - $GNGLL,,,,,235942.869,V,N*68

2021-02-18 12:05:02,289 - test_response_interface.py - DEBUG - $GNGLL,,,,,063500.960,V,N*6B

2021-02-18 12:05:03,309 - test_response_interface.py - DEBUG - $GNGLL,,,,,063501.960,V,N*6A

2021-02-18 12:05:04,332 - test_response_interface.py - DEBUG - $GNGLL,,,,,063502.960,V,N*69

2021-02-18 12:05:05,253 - test_response_interface.py - DEBUG - $GNGLL,,,,,063503.960,V,N*68

2021-02-18 12:05:06,377 - test_response_interface.py - DEBUG - $GNGLL,,,,,063504.960,V,N*6F

2021-02-18 12:05:06,691 - test_response_interface.py - DEBUG - DEBUG:   GSMmodule_GsmAppProcess L#208 [#]GPRS CONFIGURED

2021-02-18 12:05:07,107 - test_response_interface.py - DEBUG - DEBUG:   GSMmodule_GsmAppProcess L#231 [#]GPRS ERROR
DEBUG:   GSMmodule_GsmAppProcess L#236 [#]GPRS DEACTIVATING
FUNC_ENTRY:   GSMmodule_DeInit L#133 

2021-02-18 12:05:10,468 - test_response_interface.py - DEBUG - FUNC_EXIT:   GSMmodule_DeInit L#148 Return Code : 0 
FUNC_ENTRY:   GSMmodule_Init L#57 

2021-02-18 12:05:17,594 - test_response_interface.py - DEBUG - DEBUG:   GSMmodule_Init L#73 [#]MODULE CONFIGURED

2021-02-18 12:05:18,619 - test_response_interface.py - DEBUG - DEBUG:   GSMmodule_CheckSim L#161 [#]IMSI: 
404100531844034


2021-02-18 12:05:18,729 - test_response_interface.py - DEBUG - OK

DEBUG:   GSMmodule_CheckSim L#163 [#]CCID: 
8991102005318440342F

OK


2021-02-18 12:05:18,843 - test_response_interface.py - DEBUG - FUNC_ENTRY:   GSMmodule_FtpSetUser L#23 
FUNC_EXIT:   GSMmodule_FtpSetUser L#31 Return Code : 0 
FUNC_ENTRY:   GSMmodule_FtpSetPassword L#43 
FUNC_EXIT:   GSMmodule_FtpSetPassword L#52 Return Code : 0 
FUNC_ENTRY:   GSMmodule_SSLFlashCert L#57 

2021-02-18 12:05:18,953 - test_response_interface.py - DEBUG - FUNC_EXIT:   GSMmodule_SSLFlashCert L#88 Return Code : 0 
FUNC_EXIT:   GSMmodule_SSLConfig L#99 

2021-02-18 12:05:19,062 - test_response_interface.py - DEBUG - FUNC_EXIT:   GSMmodule_SSLConfig L#148 Return Code : 0 
FUNC_ENTRY:   GSMmodule_ConfigureGNSS L#101 

2021-02-18 12:05:20,700 - test_response_interface.py - DEBUG - FUNC_EXIT:   GSMmodule_ConfigureGNSS L#127 Return Code : 0 
FUNC_EXIT:   GSMmodule_Init L#122 Return Code : 0 

2021-02-18 12:05:20,808 - test_response_interface.py - DEBUG - $GNGLL,,,,,235942.869,V,N*68

2021-02-18 12:05:21,627 - test_response_interface.py - DEBUG - $GNGLL,,,,,063519.960,V,N*63

2021-02-18 12:05:22,552 - test_response_interface.py - DEBUG - $GNGLL,,,,,063520.960,V,N*69

2021-02-18 12:05:23,574 - test_response_interface.py - DEBUG - $GNGLL,,,,,063521.960,V,N*68

2021-02-18 12:05:24,592 - test_response_interface.py - DEBUG - $GNGLL,,,,,063522.960,V,N*6B

2021-02-18 12:05:25,611 - test_response_interface.py - DEBUG - $GNGLL,,,,,063523.960,V,N*6A

2021-02-18 12:05:26,232 - test_response_interface.py - DEBUG - DEBUG:   GSMmodule_GsmAppProcess L#208 [#]GPRS CONFIGURED

2021-02-18 12:05:26,442 - test_response_interface.py - DEBUG - DEBUG:   GSMmodule_GsmAppProcess L#231 [#]GPRS ERROR

2021-02-18 12:05:26,552 - test_response_interface.py - DEBUG - DEBUG:   GSMmodule_GsmAppProcess L#236 [#]GPRS DEACTIVATING
FUNC_ENTRY:   GSMmodule_DeInit L#133 

2021-02-18 12:05:29,813 - test_response_interface.py - DEBUG - DEBUG:   HAL_GPIO_EXTI_Callback L#56 0x4
DEBUG:   HAL_GPIO_EXTI_Callback L#105 [*]KEY LOCK CALLBACK

2021-02-18 12:05:29,924 - test_response_interface.py - DEBUG - DEBUG:   VEHICLE_FsmProcess L#237 [*]VEHICLE LOCKED
DEBUG:   VEHICLE_FsmProcess L#244 [*]VEHICLE GOING TO SLEEP
FUNC_EXIT:   GSMmodule_DeInit L#148 Return Code : 0 
FUNC_ENTRY:   GSMmodule_Init L#57 

2021-02-18 12:05:30,239 - test_response_interface.py - DEBUG - DEBUG:   vMiscTaskFunction L#44 [*]Sending Lock Signal
DEBUG:   vMiscTaskFunction L#64 [*]Sending Sleep Signal to GSM Module Task

2021-02-18 12:05:30,655 - test_response_interface.py - DEBUG - FUNC_ENTRY:   UFFS_Fclose L#416 
FUNC_EXIT:   UFFS_Fclose L#422 Return Code : 0 

2021-02-18 12:05:36,866 - test_response_interface.py - DEBUG - DEBUG:   GSMmodule_Init L#73 [#]MODULE CONFIGURED

2021-02-18 12:05:37,892 - test_response_interface.py - DEBUG - DEBUG:   GSMmodule_CheckSim L#161 [#]IMSI: 
404100531844034

OK

DEBUG:   GSMmodule_CheckSim L#163 [#]CCID: 
8991102005318440342F

2021-02-18 12:05:38,007 - test_response_interface.py - DEBUG - 
OK

FUNC_ENTRY:   GSMmodule_FtpSetUser L#23 
FUNC_EXIT:   GSMmodule_FtpSetUser L#31 Return Code : 0 
FUNC_ENTRY:   GSMmodule_FtpSetPassword L#43 
FUNC_EXIT:   GSMmodule_FtpSetPassword L#52 Return Code : 0 
FUNC_ENTRY:   GSMmodule_SSLFlashCert L#57 

2021-02-18 12:05:38,119 - test_response_interface.py - DEBUG - FUNC_EXIT:   GSMmodule_SSLFlashCert L#88 Return Code : 0 
FUNC_EXIT:   GSMmodule_SSLConfig L#99 
FUNC_EXIT:   GSMmodule_SSLConfig L#148 Return Code : 0 

2021-02-18 12:05:38,228 - test_response_interface.py - DEBUG - FUNC_ENTRY:   GSMmodule_ConfigureGNSS L#101 

2021-02-18 12:05:39,762 - test_response_interface.py - DEBUG - FUNC_EXIT:   GSMmodule_ConfigureGNSS L#127 Return Code : 0 
FUNC_EXIT:   GSMmodule_Init L#122 Return Code : 0 
DEBUG:   vGsmTaskFunction L#36 [#]Gsm Module Going to Power Saving Mode

2021-02-18 12:05:39,874 - test_response_interface.py - DEBUG - DEBUG:   vGsmTaskFunction L#45 [#]Date: 21/2/18 Time: 12:5:39
FUNC_ENTRY:   GSMmodule_DeInit L#133 
$GNGLL,,,,,235942.869,V,N*68

2021-02-18 12:05:40,694 - test_response_interface.py - DEBUG - $GNGLL,,,,,063539.960,V,N*61

2021-02-18 12:05:41,714 - test_response_interface.py - DEBUG - $GNGLL,,,,,063540.960,V,N*6F

2021-02-18 12:05:42,739 - test_response_interface.py - DEBUG - $GNGLL,,,,,063541.960,V,N*6E

2021-02-18 12:05:43,458 - test_response_interface.py - DEBUG - FUNC_EXIT:   GSMmodule_DeInit L#148 Return Code : 0 

